<testsuites id="" name="" tests="1" failures="0" skipped="0" errors="0" time="9377.393028999999">
<testsuite name="sql\sql.spec.ts" timestamp="2024-09-25T07:44:18.436Z" hostname="chromium" tests="1" failures="0" skipped="0" time="9364.247" errors="0">
<testcase name="Get data from PROD DB, data anonymization  and save to QA DB via SQL requests › Get data from PROD DB and save to QA DB via sql-requests › 3. Executing SQL Selects to PROD DB and measurementing response times" classname="sql\sql.spec.ts" time="9364.247">
<system-out>
<![CDATA[**********************************************************************************************
************************* Executing requests from 'script2024.txt' ***************************
**********************************************************************************************
1.1. Executing the request:  select bind_categories_between_timestamp('2024-07-12 18:00:00.000000', '2024-07-12 20:00:00.000000');
DONE!
Duration time = 00:00:00

1.2. Executing the request:  select bind_categories_between_timestamp('2024-07-12 20:00:00.000000', '2024-07-12 22:00:00.000000');
DONE!
Duration time = 00:00:00

1.3. Executing the request:  select bind_categories_between_timestamp('2024-07-12 22:00:00.000000', '2024-07-13 00:00:00.000000');
DONE!
Duration time = 00:00:34

1.4. Executing the request:  select bind_categories_between_timestamp('2024-07-13 00:00:00.000000', '2024-07-13 02:00:00.000000');
DONE!
Duration time = 00:00:37

1.5. Executing the request:  select bind_categories_between_timestamp('2024-07-13 02:00:00.000000', '2024-07-13 04:00:00.000000');
DONE!
Duration time = 00:00:34

1.6. Executing the request:  select bind_categories_between_timestamp('2024-07-13 04:00:00.000000', '2024-07-13 06:00:00.000000');
DONE!
Duration time = 00:01:11

1.7. Executing the request:  select bind_categories_between_timestamp('2024-07-13 06:00:00.000000', '2024-07-13 08:00:00.000000');
DONE!
Duration time = 00:00:53

1.8. Executing the request:  select bind_categories_between_timestamp('2024-07-13 08:00:00.000000', '2024-07-13 10:00:00.000000');
DONE!
Duration time = 00:00:41

1.9. Executing the request:  select bind_categories_between_timestamp('2024-07-13 10:00:00.000000', '2024-07-13 12:00:00.000000');
DONE!
Duration time = 00:01:15

1.10. Executing the request:  select bind_categories_between_timestamp('2024-07-13 12:00:00.000000', '2024-07-13 14:00:00.000000');
DONE!
Duration time = 00:01:21

1.11. Executing the request:  select bind_categories_between_timestamp('2024-07-13 14:00:00.000000', '2024-07-13 16:00:00.000000');
DONE!
Duration time = 00:02:00

1.12. Executing the request:  select bind_categories_between_timestamp('2024-07-13 16:00:00.000000', '2024-07-13 18:00:00.000000');
DONE!
Duration time = 00:01:27

1.13. Executing the request:  select bind_categories_between_timestamp('2024-07-13 18:00:00.000000', '2024-07-13 20:00:00.000000');
DONE!
Duration time = 00:01:06

1.14. Executing the request:  select bind_categories_between_timestamp('2024-07-13 20:00:00.000000', '2024-07-13 22:00:00.000000');
DONE!
Duration time = 00:00:40

1.15. Executing the request:  select bind_categories_between_timestamp('2024-07-13 22:00:00.000000', '2024-07-14 00:00:00.000000');
DONE!
Duration time = 00:00:16

1.16. Executing the request:  select bind_categories_between_timestamp('2024-07-14 00:00:00.000000', '2024-07-14 02:00:00.000000');
DONE!
Duration time = 00:00:31

1.17. Executing the request:  select bind_categories_between_timestamp('2024-07-14 02:00:00.000000', '2024-07-14 04:00:00.000000');
DONE!
Duration time = 00:00:37

1.18. Executing the request:  select bind_categories_between_timestamp('2024-07-14 04:00:00.000000', '2024-07-14 06:00:00.000000');
DONE!
Duration time = 00:00:42

1.19. Executing the request:  select bind_categories_between_timestamp('2024-07-14 06:00:00.000000', '2024-07-14 08:00:00.000000');
DONE!
Duration time = 00:00:48

1.20. Executing the request:  select bind_categories_between_timestamp('2024-07-14 08:00:00.000000', '2024-07-14 10:00:00.000000');
DONE!
Duration time = 00:00:39

1.21. Executing the request:  select bind_categories_between_timestamp('2024-07-14 10:00:00.000000', '2024-07-14 12:00:00.000000');
DONE!
Duration time = 00:00:16

1.22. Executing the request:  select bind_categories_between_timestamp('2024-07-14 12:00:00.000000', '2024-07-14 14:00:00.000000');
DONE!
Duration time = 00:00:26

1.23. Executing the request:  select bind_categories_between_timestamp('2024-07-14 14:00:00.000000', '2024-07-14 16:00:00.000000');
DONE!
Duration time = 00:00:51

1.24. Executing the request:  select bind_categories_between_timestamp('2024-07-14 16:00:00.000000', '2024-07-14 18:00:00.000000');
DONE!
Duration time = 00:00:29

1.25. Executing the request:  select bind_categories_between_timestamp('2024-07-14 18:00:00.000000', '2024-07-14 20:00:00.000000');
DONE!
Duration time = 00:01:04

1.26. Executing the request:  select bind_categories_between_timestamp('2024-07-14 20:00:00.000000', '2024-07-14 22:00:00.000000');
DONE!
Duration time = 00:00:21

1.27. Executing the request:  select bind_categories_between_timestamp('2024-07-14 22:00:00.000000', '2024-07-15 00:00:00.000000');
DONE!
Duration time = 00:00:26

1.28. Executing the request:  select bind_categories_between_timestamp('2024-07-15 00:00:00.000000', '2024-07-15 02:00:00.000000');
DONE!
Duration time = 00:00:43

1.29. Executing the request:  select bind_categories_between_timestamp('2024-07-15 02:00:00.000000', '2024-07-15 04:00:00.000000');
DONE!
Duration time = 00:00:37

1.30. Executing the request:  select bind_categories_between_timestamp('2024-07-15 04:00:00.000000', '2024-07-15 06:00:00.000000');
DONE!
Duration time = 00:01:37

1.31. Executing the request:  select bind_categories_between_timestamp('2024-07-15 06:00:00.000000', '2024-07-15 08:00:00.000000');
DONE!
Duration time = 00:01:48

1.32. Executing the request:  select bind_categories_between_timestamp('2024-07-15 08:00:00.000000', '2024-07-15 10:00:00.000000');
DONE!
Duration time = 00:01:29

1.33. Executing the request:  select bind_categories_between_timestamp('2024-07-15 10:00:00.000000', '2024-07-15 12:00:00.000000');
DONE!
Duration time = 00:00:37

1.34. Executing the request:  select bind_categories_between_timestamp('2024-07-15 12:00:00.000000', '2024-07-15 14:00:00.000000');
DONE!
Duration time = 00:01:27

1.35. Executing the request:  select bind_categories_between_timestamp('2024-07-15 14:00:00.000000', '2024-07-15 16:00:00.000000');
DONE!
Duration time = 00:01:06

1.36. Executing the request:  select bind_categories_between_timestamp('2024-07-15 16:00:00.000000', '2024-07-15 18:00:00.000000');
DONE!
Duration time = 00:01:06

1.37. Executing the request:  select bind_categories_between_timestamp('2024-07-15 18:00:00.000000', '2024-07-15 20:00:00.000000');
DONE!
Duration time = 00:01:22

1.38. Executing the request:  select bind_categories_between_timestamp('2024-07-15 20:00:00.000000', '2024-07-15 22:00:00.000000');
DONE!
Duration time = 00:00:55

1.39. Executing the request:  select bind_categories_between_timestamp('2024-07-15 22:00:00.000000', '2024-07-16 00:00:00.000000');
DONE!
Duration time = 00:00:29

1.40. Executing the request:  select bind_categories_between_timestamp('2024-07-16 00:00:00.000000', '2024-07-16 02:00:00.000000');
DONE!
Duration time = 00:00:27

1.41. Executing the request:  select bind_categories_between_timestamp('2024-07-16 02:00:00.000000', '2024-07-16 04:00:00.000000');
DONE!
Duration time = 00:00:56

1.42. Executing the request:  select bind_categories_between_timestamp('2024-07-16 04:00:00.000000', '2024-07-16 06:00:00.000000');
DONE!
Duration time = 00:01:58

1.43. Executing the request:  select bind_categories_between_timestamp('2024-07-16 06:00:00.000000', '2024-07-16 08:00:00.000000');
DONE!
Duration time = 00:01:49

1.44. Executing the request:  select bind_categories_between_timestamp('2024-07-16 08:00:00.000000', '2024-07-16 10:00:00.000000');
DONE!
Duration time = 00:01:37

1.45. Executing the request:  select bind_categories_between_timestamp('2024-07-16 10:00:00.000000', '2024-07-16 12:00:00.000000');
DONE!
Duration time = 00:01:01

1.46. Executing the request:  select bind_categories_between_timestamp('2024-07-16 12:00:00.000000', '2024-07-16 14:00:00.000000');
DONE!
Duration time = 00:01:23

1.47. Executing the request:  select bind_categories_between_timestamp('2024-07-16 14:00:00.000000', '2024-07-16 16:00:00.000000');
DONE!
Duration time = 00:01:25

1.48. Executing the request:  select bind_categories_between_timestamp('2024-07-16 16:00:00.000000', '2024-07-16 18:00:00.000000');
DONE!
Duration time = 00:02:03

1.49. Executing the request:  select bind_categories_between_timestamp('2024-07-16 18:00:00.000000', '2024-07-16 20:00:00.000000');
DONE!
Duration time = 00:01:57

1.50. Executing the request:  select bind_categories_between_timestamp('2024-07-16 20:00:00.000000', '2024-07-16 22:00:00.000000');
DONE!
Duration time = 00:01:31

1.51. Executing the request:  select bind_categories_between_timestamp('2024-07-16 22:00:00.000000', '2024-07-17 00:00:00.000000');
DONE!
Duration time = 00:00:46

1.52. Executing the request:  select bind_categories_between_timestamp('2024-07-17 00:00:00.000000', '2024-07-17 02:00:00.000000');
DONE!
Duration time = 00:00:43

1.53. Executing the request:  select bind_categories_between_timestamp('2024-07-17 02:00:00.000000', '2024-07-17 04:00:00.000000');
DONE!
Duration time = 00:00:46

1.54. Executing the request:  select bind_categories_between_timestamp('2024-07-17 04:00:00.000000', '2024-07-17 06:00:00.000000');
DONE!
Duration time = 00:01:28

1.55. Executing the request:  select bind_categories_between_timestamp('2024-07-17 06:00:00.000000', '2024-07-17 08:00:00.000000');
DONE!
Duration time = 00:01:07

1.56. Executing the request:  select bind_categories_between_timestamp('2024-07-17 08:00:00.000000', '2024-07-17 10:00:00.000000');
DONE!
Duration time = 00:01:05

1.57. Executing the request:  select bind_categories_between_timestamp('2024-07-17 10:00:00.000000', '2024-07-17 12:00:00.000000');
DONE!
Duration time = 00:00:36

1.58. Executing the request:  select bind_categories_between_timestamp('2024-07-17 12:00:00.000000', '2024-07-17 14:00:00.000000');
DONE!
Duration time = 00:01:18

1.59. Executing the request:  select bind_categories_between_timestamp('2024-07-17 14:00:00.000000', '2024-07-17 16:00:00.000000');
DONE!
Duration time = 00:01:08

1.60. Executing the request:  select bind_categories_between_timestamp('2024-07-17 16:00:00.000000', '2024-07-17 18:00:00.000000');
DONE!
Duration time = 00:01:03

1.61. Executing the request:  select bind_categories_between_timestamp('2024-07-17 18:00:00.000000', '2024-07-17 20:00:00.000000');
DONE!
Duration time = 00:01:35

1.62. Executing the request:  select bind_categories_between_timestamp('2024-07-17 20:00:00.000000', '2024-07-17 22:00:00.000000');
DONE!
Duration time = 00:01:00

1.63. Executing the request:  select bind_categories_between_timestamp('2024-07-17 22:00:00.000000', '2024-07-18 00:00:00.000000');
DONE!
Duration time = 00:00:30

1.64. Executing the request:  select bind_categories_between_timestamp('2024-07-18 00:00:00.000000', '2024-07-18 02:00:00.000000');
DONE!
Duration time = 00:00:36

1.65. Executing the request:  select bind_categories_between_timestamp('2024-07-18 02:00:00.000000', '2024-07-18 04:00:00.000000');
DONE!
Duration time = 00:00:44

1.66. Executing the request:  select bind_categories_between_timestamp('2024-07-18 04:00:00.000000', '2024-07-18 06:00:00.000000');
DONE!
Duration time = 00:01:30

1.67. Executing the request:  select bind_categories_between_timestamp('2024-07-18 06:00:00.000000', '2024-07-18 08:00:00.000000');
DONE!
Duration time = 00:01:36

1.68. Executing the request:  select bind_categories_between_timestamp('2024-07-18 08:00:00.000000', '2024-07-18 10:00:00.000000');
DONE!
Duration time = 00:00:45

1.69. Executing the request:  select bind_categories_between_timestamp('2024-07-18 10:00:00.000000', '2024-07-18 12:00:00.000000');
DONE!
Duration time = 00:00:32

1.70. Executing the request:  select bind_categories_between_timestamp('2024-07-18 12:00:00.000000', '2024-07-18 14:00:00.000000');
DONE!
Duration time = 00:01:02

1.71. Executing the request:  select bind_categories_between_timestamp('2024-07-18 14:00:00.000000', '2024-07-18 16:00:00.000000');
DONE!
Duration time = 00:00:59

1.72. Executing the request:  select bind_categories_between_timestamp('2024-07-18 16:00:00.000000', '2024-07-18 18:00:00.000000');
DONE!
Duration time = 00:01:06

1.73. Executing the request:  select bind_categories_between_timestamp('2024-07-18 18:00:00.000000', '2024-07-18 20:00:00.000000');
DONE!
Duration time = 00:01:15

1.74. Executing the request:  select bind_categories_between_timestamp('2024-07-18 20:00:00.000000', '2024-07-18 22:00:00.000000');
DONE!
Duration time = 00:01:22

1.75. Executing the request:  select bind_categories_between_timestamp('2024-07-18 22:00:00.000000', '2024-07-19 00:00:00.000000');
DONE!
Duration time = 00:00:23

1.76. Executing the request:  select bind_categories_between_timestamp('2024-07-19 00:00:00.000000', '2024-07-19 02:00:00.000000');
DONE!
Duration time = 00:00:44

1.77. Executing the request:  select bind_categories_between_timestamp('2024-07-19 02:00:00.000000', '2024-07-19 04:00:00.000000');
DONE!
Duration time = 00:00:38

1.78. Executing the request:  select bind_categories_between_timestamp('2024-07-19 04:00:00.000000', '2024-07-19 06:00:00.000000');
DONE!
Duration time = 00:01:18

1.79. Executing the request:  select bind_categories_between_timestamp('2024-07-19 06:00:00.000000', '2024-07-19 08:00:00.000000');
DONE!
Duration time = 00:01:07

1.80. Executing the request:  select bind_categories_between_timestamp('2024-07-19 08:00:00.000000', '2024-07-19 10:00:00.000000');
DONE!
Duration time = 00:00:43

1.81. Executing the request:  select bind_categories_between_timestamp('2024-07-19 10:00:00.000000', '2024-07-19 12:00:00.000000');
DONE!
Duration time = 00:00:29

1.82. Executing the request:  select bind_categories_between_timestamp('2024-07-19 12:00:00.000000', '2024-07-19 14:00:00.000000');
DONE!
Duration time = 00:00:32

1.83. Executing the request:  select bind_categories_between_timestamp('2024-07-19 14:00:00.000000', '2024-07-19 16:00:00.000000');
DONE!
Duration time = 00:00:54

1.84. Executing the request:  select bind_categories_between_timestamp('2024-07-19 16:00:00.000000', '2024-07-19 18:00:00.000000');
DONE!
Duration time = 00:00:58

1.85. Executing the request:  select bind_categories_between_timestamp('2024-07-19 18:00:00.000000', '2024-07-19 20:00:00.000000');
DONE!
Duration time = 00:01:40

1.86. Executing the request:  select bind_categories_between_timestamp('2024-07-19 20:00:00.000000', '2024-07-19 22:00:00.000000');
DONE!
Duration time = 00:00:57

1.87. Executing the request:  select bind_categories_between_timestamp('2024-07-19 22:00:00.000000', '2024-07-20 00:00:00.000000');
DONE!
Duration time = 00:00:21

1.88. Executing the request:  select bind_categories_between_timestamp('2024-07-20 00:00:00.000000', '2024-07-20 02:00:00.000000');
DONE!
Duration time = 00:00:00

1.89. Executing the request:  select bind_categories_between_timestamp('2024-07-20 02:00:00.000000', '2024-07-20 04:00:00.000000');
DONE!
Duration time = 00:00:22

1.90. Executing the request:  select bind_categories_between_timestamp('2024-07-20 04:00:00.000000', '2024-07-20 06:00:00.000000');
DONE!
Duration time = 00:01:11

1.91. Executing the request:  select bind_categories_between_timestamp('2024-07-20 06:00:00.000000', '2024-07-20 08:00:00.000000');
DONE!
Duration time = 00:01:00

1.92. Executing the request:  select bind_categories_between_timestamp('2024-07-20 08:00:00.000000', '2024-07-20 10:00:00.000000');
DONE!
Duration time = 00:00:48

1.93. Executing the request:  select bind_categories_between_timestamp('2024-07-20 10:00:00.000000', '2024-07-20 12:00:00.000000');
DONE!
Duration time = 00:00:47

1.94. Executing the request:  select bind_categories_between_timestamp('2024-07-20 12:00:00.000000', '2024-07-20 14:00:00.000000');
DONE!
Duration time = 00:00:44

1.95. Executing the request:  select bind_categories_between_timestamp('2024-07-20 14:00:00.000000', '2024-07-20 16:00:00.000000');
DONE!
Duration time = 00:01:02

1.96. Executing the request:  select bind_categories_between_timestamp('2024-07-20 16:00:00.000000', '2024-07-20 18:00:00.000000');
DONE!
Duration time = 00:00:47

1.97. Executing the request:  select bind_categories_between_timestamp('2024-07-20 18:00:00.000000', '2024-07-20 20:00:00.000000');
DONE!
Duration time = 00:01:03

1.98. Executing the request:  select bind_categories_between_timestamp('2024-07-20 20:00:00.000000', '2024-07-20 22:00:00.000000');
DONE!
Duration time = 00:00:39

1.99. Executing the request:  select bind_categories_between_timestamp('2024-07-20 22:00:00.000000', '2024-07-21 00:00:00.000000');
DONE!
Duration time = 00:00:28

1.100. Executing the request:  select bind_categories_between_timestamp('2024-07-21 00:00:00.000000', '2024-07-21 02:00:00.000000');
DONE!
Duration time = 00:00:28

1.101. Executing the request:  select bind_categories_between_timestamp('2024-07-21 02:00:00.000000', '2024-07-21 04:00:00.000000');
DONE!
Duration time = 00:00:21

1.102. Executing the request:  select bind_categories_between_timestamp('2024-07-21 04:00:00.000000', '2024-07-21 06:00:00.000000');
DONE!
Duration time = 00:00:41

1.103. Executing the request:  select bind_categories_between_timestamp('2024-07-21 06:00:00.000000', '2024-07-21 08:00:00.000000');
DONE!
Duration time = 00:01:02

1.104. Executing the request:  select bind_categories_between_timestamp('2024-07-21 08:00:00.000000', '2024-07-21 10:00:00.000000');
DONE!
Duration time = 00:00:33

1.105. Executing the request:  select bind_categories_between_timestamp('2024-07-21 10:00:00.000000', '2024-07-21 12:00:00.000000');
DONE!
Duration time = 00:00:19

1.106. Executing the request:  select bind_categories_between_timestamp('2024-07-21 12:00:00.000000', '2024-07-21 14:00:00.000000');
DONE!
Duration time = 00:00:44

1.107. Executing the request:  select bind_categories_between_timestamp('2024-07-21 14:00:00.000000', '2024-07-21 16:00:00.000000');
DONE!
Duration time = 00:00:45

1.108. Executing the request:  select bind_categories_between_timestamp('2024-07-21 16:00:00.000000', '2024-07-21 18:00:00.000000');
DONE!
Duration time = 00:00:45

1.109. Executing the request:  select bind_categories_between_timestamp('2024-07-21 18:00:00.000000', '2024-07-21 20:00:00.000000');
DONE!
Duration time = 00:01:29

1.110. Executing the request:  select bind_categories_between_timestamp('2024-07-21 20:00:00.000000', '2024-07-21 22:00:00.000000');
DONE!
Duration time = 00:00:40

1.111. Executing the request:  select bind_categories_between_timestamp('2024-07-21 22:00:00.000000', '2024-07-22 00:00:00.000000');
DONE!
Duration time = 00:00:40

1.112. Executing the request:  select bind_categories_between_timestamp('2024-07-22 00:00:00.000000', '2024-07-22 02:00:00.000000');
DONE!
Duration time = 00:00:22

1.113. Executing the request:  select bind_categories_between_timestamp('2024-07-22 02:00:00.000000', '2024-07-22 04:00:00.000000');
DONE!
Duration time = 00:00:59

1.114. Executing the request:  select bind_categories_between_timestamp('2024-07-22 04:00:00.000000', '2024-07-22 06:00:00.000000');
DONE!
Duration time = 00:01:44

1.115. Executing the request:  select bind_categories_between_timestamp('2024-07-22 06:00:00.000000', '2024-07-22 08:00:00.000000');
DONE!
Duration time = 00:01:36

1.116. Executing the request:  select bind_categories_between_timestamp('2024-07-22 08:00:00.000000', '2024-07-22 10:00:00.000000');
DONE!
Duration time = 00:00:48

1.117. Executing the request:  select bind_categories_between_timestamp('2024-07-22 10:00:00.000000', '2024-07-22 12:00:00.000000');
DONE!
Duration time = 00:01:03

1.118. Executing the request:  select bind_categories_between_timestamp('2024-07-22 12:00:00.000000', '2024-07-22 14:00:00.000000');
DONE!
Duration time = 00:00:53

1.119. Executing the request:  select bind_categories_between_timestamp('2024-07-22 14:00:00.000000', '2024-07-22 16:00:00.000000');
DONE!
Duration time = 00:00:44

1.120. Executing the request:  select bind_categories_between_timestamp('2024-07-22 16:00:00.000000', '2024-07-22 18:00:00.000000');
DONE!
Duration time = 00:00:33

1.121. Executing the request:  select bind_categories_between_timestamp('2024-07-22 18:00:00.000000', '2024-07-22 20:00:00.000000');
DONE!
Duration time = 00:00:39

1.122. Executing the request:  select bind_categories_between_timestamp('2024-07-22 20:00:00.000000', '2024-07-22 22:00:00.000000');
DONE!
Duration time = 00:00:44

1.123. Executing the request:  select bind_categories_between_timestamp('2024-07-22 22:00:00.000000', '2024-07-23 00:00:00.000000');
DONE!
Duration time = 00:00:16

1.124. Executing the request:  select bind_categories_between_timestamp('2024-07-23 00:00:00.000000', '2024-07-23 02:00:00.000000');
DONE!
Duration time = 00:00:15

1.125. Executing the request:  select bind_categories_between_timestamp('2024-07-23 02:00:00.000000', '2024-07-23 04:00:00.000000');
DONE!
Duration time = 00:00:11

1.126. Executing the request:  select bind_categories_between_timestamp('2024-07-23 04:00:00.000000', '2024-07-23 06:00:00.000000');
DONE!
Duration time = 00:00:57

1.127. Executing the request:  select bind_categories_between_timestamp('2024-07-23 06:00:00.000000', '2024-07-23 08:00:00.000000');
DONE!
Duration time = 00:00:36

1.128. Executing the request:  select bind_categories_between_timestamp('2024-07-23 08:00:00.000000', '2024-07-23 10:00:00.000000');
DONE!
Duration time = 00:00:33

1.129. Executing the request:  select bind_categories_between_timestamp('2024-07-23 10:00:00.000000', '2024-07-23 12:00:00.000000');
DONE!
Duration time = 00:00:18

1.130. Executing the request:  select bind_categories_between_timestamp('2024-07-23 12:00:00.000000', '2024-07-23 14:00:00.000000');
DONE!
Duration time = 00:00:25

1.131. Executing the request:  select bind_categories_between_timestamp('2024-07-23 14:00:00.000000', '2024-07-23 16:00:00.000000');
DONE!
Duration time = 00:00:22

1.132. Executing the request:  select bind_categories_between_timestamp('2024-07-23 16:00:00.000000', '2024-07-23 18:00:00.000000');
DONE!
Duration time = 00:00:51

1.133. Executing the request:  select bind_categories_between_timestamp('2024-07-23 18:00:00.000000', '2024-07-23 20:00:00.000000');
DONE!
Duration time = 00:00:31

1.134. Executing the request:  select bind_categories_between_timestamp('2024-07-23 20:00:00.000000', '2024-07-23 22:00:00.000000');
DONE!
Duration time = 00:00:37

1.135. Executing the request:  select bind_categories_between_timestamp('2024-07-23 22:00:00.000000', '2024-07-24 00:00:00.000000');
DONE!
Duration time = 00:00:25

1.136. Executing the request:  select bind_categories_between_timestamp('2024-07-24 00:00:00.000000', '2024-07-24 02:00:00.000000');
DONE!
Duration time = 00:00:21

1.137. Executing the request:  select bind_categories_between_timestamp('2024-07-24 02:00:00.000000', '2024-07-24 04:00:00.000000');
DONE!
Duration time = 00:00:14

1.138. Executing the request:  select bind_categories_between_timestamp('2024-07-24 04:00:00.000000', '2024-07-24 06:00:00.000000');
DONE!
Duration time = 00:00:56

1.139. Executing the request:  select bind_categories_between_timestamp('2024-07-24 06:00:00.000000', '2024-07-24 08:00:00.000000');
DONE!
Duration time = 00:00:29

1.140. Executing the request:  select bind_categories_between_timestamp('2024-07-24 08:00:00.000000', '2024-07-24 10:00:00.000000');
DONE!
Duration time = 00:00:14

1.141. Executing the request:  select bind_categories_between_timestamp('2024-07-24 10:00:00.000000', '2024-07-24 12:00:00.000000');
DONE!
Duration time = 00:00:15

1.142. Executing the request:  select bind_categories_between_timestamp('2024-07-24 12:00:00.000000', '2024-07-24 14:00:00.000000');
DONE!
Duration time = 00:00:16

1.143. Executing the request:  select bind_categories_between_timestamp('2024-07-24 14:00:00.000000', '2024-07-24 16:00:00.000000');
DONE!
Duration time = 00:00:19

1.144. Executing the request:  select bind_categories_between_timestamp('2024-07-24 16:00:00.000000', '2024-07-24 18:00:00.000000');
DONE!
Duration time = 00:00:24

1.145. Executing the request:  select bind_categories_between_timestamp('2024-07-24 18:00:00.000000', '2024-07-24 20:00:00.000000');
DONE!
Duration time = 00:01:03

1.146. Executing the request:  select bind_categories_between_timestamp('2024-07-24 20:00:00.000000', '2024-07-24 22:00:00.000000');
DONE!
Duration time = 00:00:18

1.147. Executing the request:  select bind_categories_between_timestamp('2024-07-24 22:00:00.000000', '2024-07-25 00:00:00.000000');
DONE!
Duration time = 00:00:05

1.148. Executing the request:  select bind_categories_between_timestamp('2024-07-25 00:00:00.000000', '2024-07-25 02:00:00.000000');
DONE!
Duration time = 00:00:05

1.149. Executing the request:  select bind_categories_between_timestamp('2024-07-25 02:00:00.000000', '2024-07-25 04:00:00.000000');
DONE!
Duration time = 00:00:06

1.150. Executing the request:  select bind_categories_between_timestamp('2024-07-25 04:00:00.000000', '2024-07-25 06:00:00.000000');
DONE!
Duration time = 00:00:24

1.151. Executing the request:  select bind_categories_between_timestamp('2024-07-25 06:00:00.000000', '2024-07-25 08:00:00.000000');
DONE!
Duration time = 00:00:31

1.152. Executing the request:  select bind_categories_between_timestamp('2024-07-25 08:00:00.000000', '2024-07-25 10:00:00.000000');
DONE!
Duration time = 00:00:12

1.153. Executing the request:  select bind_categories_between_timestamp('2024-07-25 10:00:00.000000', '2024-07-25 12:00:00.000000');
DONE!
Duration time = 00:00:13

1.154. Executing the request:  select bind_categories_between_timestamp('2024-07-25 12:00:00.000000', '2024-07-25 14:00:00.000000');
DONE!
Duration time = 00:00:10

1.155. Executing the request:  select bind_categories_between_timestamp('2024-07-25 14:00:00.000000', '2024-07-25 16:00:00.000000');
DONE!
Duration time = 00:00:29

1.156. Executing the request:  select bind_categories_between_timestamp('2024-07-25 16:00:00.000000', '2024-07-25 18:00:00.000000');
DONE!
Duration time = 00:00:23

1.157. Executing the request:  select bind_categories_between_timestamp('2024-07-25 18:00:00.000000', '2024-07-25 20:00:00.000000');
DONE!
Duration time = 00:00:38

1.158. Executing the request:  select bind_categories_between_timestamp('2024-07-25 20:00:00.000000', '2024-07-25 22:00:00.000000');
DONE!
Duration time = 00:00:09

1.159. Executing the request:  select bind_categories_between_timestamp('2024-07-25 22:00:00.000000', '2024-07-26 00:00:00.000000');
DONE!
Duration time = 00:00:05

1.160. Executing the request:  select bind_categories_between_timestamp('2024-07-26 00:00:00.000000', '2024-07-26 02:00:00.000000');
DONE!
Duration time = 00:00:02

1.161. Executing the request:  select bind_categories_between_timestamp('2024-07-26 02:00:00.000000', '2024-07-26 04:00:00.000000');
DONE!
Duration time = 00:00:03

1.162. Executing the request:  select bind_categories_between_timestamp('2024-07-26 04:00:00.000000', '2024-07-26 06:00:00.000000');
DONE!
Duration time = 00:00:47

1.163. Executing the request:  select bind_categories_between_timestamp('2024-07-26 06:00:00.000000', '2024-07-26 08:00:00.000000');
DONE!
Duration time = 00:00:34

1.164. Executing the request:  select bind_categories_between_timestamp('2024-07-26 08:00:00.000000', '2024-07-26 10:00:00.000000');
DONE!
Duration time = 00:00:23

1.165. Executing the request:  select bind_categories_between_timestamp('2024-07-26 10:00:00.000000', '2024-07-26 12:00:00.000000');
DONE!
Duration time = 00:00:22

1.166. Executing the request:  select bind_categories_between_timestamp('2024-07-26 12:00:00.000000', '2024-07-26 14:00:00.000000');
DONE!
Duration time = 00:00:26

1.167. Executing the request:  select bind_categories_between_timestamp('2024-07-26 14:00:00.000000', '2024-07-26 16:00:00.000000');
DONE!
Duration time = 00:00:28

1.168. Executing the request:  select bind_categories_between_timestamp('2024-07-26 16:00:00.000000', '2024-07-26 18:00:00.000000');
DONE!
Duration time = 00:00:25

1.169. Executing the request:  select bind_categories_between_timestamp('2024-07-26 18:00:00.000000', '2024-07-26 20:00:00.000000');
DONE!
Duration time = 00:00:31

1.170. Executing the request:  select bind_categories_between_timestamp('2024-07-26 20:00:00.000000', '2024-07-26 22:00:00.000000');
DONE!
Duration time = 00:00:17

1.171. Executing the request:  select bind_categories_between_timestamp('2024-07-26 22:00:00.000000', '2024-07-27 00:00:00.000000');
DONE!
Duration time = 00:00:06

1.172. Executing the request:  select bind_categories_between_timestamp('2024-07-27 00:00:00.000000', '2024-07-27 02:00:00.000000');
DONE!
Duration time = 00:00:03

1.173. Executing the request:  select bind_categories_between_timestamp('2024-07-27 02:00:00.000000', '2024-07-27 04:00:00.000000');
DONE!
Duration time = 00:00:04

1.174. Executing the request:  select bind_categories_between_timestamp('2024-07-27 04:00:00.000000', '2024-07-27 06:00:00.000000');
DONE!
Duration time = 00:00:15

1.175. Executing the request:  select bind_categories_between_timestamp('2024-07-27 06:00:00.000000', '2024-07-27 08:00:00.000000');
DONE!
Duration time = 00:00:13

1.176. Executing the request:  select bind_categories_between_timestamp('2024-07-27 08:00:00.000000', '2024-07-27 10:00:00.000000');
DONE!
Duration time = 00:00:19

1.177. Executing the request:  select bind_categories_between_timestamp('2024-07-27 10:00:00.000000', '2024-07-27 12:00:00.000000');
DONE!
Duration time = 00:00:12

1.178. Executing the request:  select bind_categories_between_timestamp('2024-07-27 12:00:00.000000', '2024-07-27 14:00:00.000000');
DONE!
Duration time = 00:00:11

1.179. Executing the request:  select bind_categories_between_timestamp('2024-07-27 14:00:00.000000', '2024-07-27 16:00:00.000000');
DONE!
Duration time = 00:00:20

1.180. Executing the request:  select bind_categories_between_timestamp('2024-07-27 16:00:00.000000', '2024-07-27 18:00:00.000000');
DONE!
Duration time = 00:00:17

1.181. Executing the request:  select bind_categories_between_timestamp('2024-07-27 18:00:00.000000', '2024-07-27 20:00:00.000000');
DONE!
Duration time = 00:00:29

1.182. Executing the request:  select bind_categories_between_timestamp('2024-07-27 20:00:00.000000', '2024-07-27 22:00:00.000000');
DONE!
Duration time = 00:00:08

1.183. Executing the request:  select bind_categories_between_timestamp('2024-07-27 22:00:00.000000', '2024-07-28 00:00:00.000000');
DONE!
Duration time = 00:00:06

1.184. Executing the request:  select bind_categories_between_timestamp('2024-07-28 00:00:00.000000', '2024-07-28 02:00:00.000000');
DONE!
Duration time = 00:00:08

1.185. Executing the request:  select bind_categories_between_timestamp('2024-07-28 02:00:00.000000', '2024-07-28 04:00:00.000000');
DONE!
Duration time = 00:00:07

1.186. Executing the request:  select bind_categories_between_timestamp('2024-07-28 04:00:00.000000', '2024-07-28 06:00:00.000000');
DONE!
Duration time = 00:00:14

1.187. Executing the request:  select bind_categories_between_timestamp('2024-07-28 06:00:00.000000', '2024-07-28 08:00:00.000000');
DONE!
Duration time = 00:00:13

1.188. Executing the request:  select bind_categories_between_timestamp('2024-07-28 08:00:00.000000', '2024-07-28 10:00:00.000000');
DONE!
Duration time = 00:00:05

1.189. Executing the request:  select bind_categories_between_timestamp('2024-07-28 10:00:00.000000', '2024-07-28 12:00:00.000000');
DONE!
Duration time = 00:00:07

1.190. Executing the request:  select bind_categories_between_timestamp('2024-07-28 12:00:00.000000', '2024-07-28 14:00:00.000000');
DONE!
Duration time = 00:00:15

1.191. Executing the request:  select bind_categories_between_timestamp('2024-07-28 14:00:00.000000', '2024-07-28 16:00:00.000000');
DONE!
Duration time = 00:00:28

1.192. Executing the request:  select bind_categories_between_timestamp('2024-07-28 16:00:00.000000', '2024-07-28 18:00:00.000000');
DONE!
Duration time = 00:00:24

1.193. Executing the request:  select bind_categories_between_timestamp('2024-07-28 18:00:00.000000', '2024-07-28 20:00:00.000000');
DONE!
Duration time = 00:00:18

1.194. Executing the request:  select bind_categories_between_timestamp('2024-07-28 20:00:00.000000', '2024-07-28 22:00:00.000000');
DONE!
Duration time = 00:00:07

1.195. Executing the request:  select bind_categories_between_timestamp('2024-07-28 22:00:00.000000', '2024-07-29 00:00:00.000000');
DONE!
Duration time = 00:00:05

1.196. Executing the request:  select bind_categories_between_timestamp('2024-07-29 00:00:00.000000', '2024-07-29 02:00:00.000000');
DONE!
Duration time = 00:00:03

1.197. Executing the request:  select bind_categories_between_timestamp('2024-07-29 02:00:00.000000', '2024-07-29 04:00:00.000000');
DONE!
Duration time = 00:00:07

1.198. Executing the request:  select bind_categories_between_timestamp('2024-07-29 04:00:00.000000', '2024-07-29 06:00:00.000000');
DONE!
Duration time = 00:00:35

1.199. Executing the request:  select bind_categories_between_timestamp('2024-07-29 06:00:00.000000', '2024-07-29 08:00:00.000000');
DONE!
Duration time = 00:00:25

1.200. Executing the request:  select bind_categories_between_timestamp('2024-07-29 08:00:00.000000', '2024-07-29 10:00:00.000000');
DONE!
Duration time = 00:00:12

1.201. Executing the request:  select bind_categories_between_timestamp('2024-07-29 10:00:00.000000', '2024-07-29 12:00:00.000000');
DONE!
Duration time = 00:00:05

1.202. Executing the request:  select bind_categories_between_timestamp('2024-07-29 12:00:00.000000', '2024-07-29 14:00:00.000000');
DONE!
Duration time = 00:00:16

1.203. Executing the request:  select bind_categories_between_timestamp('2024-07-29 14:00:00.000000', '2024-07-29 16:00:00.000000');
DONE!
Duration time = 00:00:12

1.204. Executing the request:  select bind_categories_between_timestamp('2024-07-29 16:00:00.000000', '2024-07-29 18:00:00.000000');
DONE!
Duration time = 00:00:22

1.205. Executing the request:  select bind_categories_between_timestamp('2024-07-29 18:00:00.000000', '2024-07-29 20:00:00.000000');
DONE!
Duration time = 00:00:38

1.206. Executing the request:  select bind_categories_between_timestamp('2024-07-29 20:00:00.000000', '2024-07-29 22:00:00.000000');
DONE!
Duration time = 00:00:11

1.207. Executing the request:  select bind_categories_between_timestamp('2024-07-29 22:00:00.000000', '2024-07-30 00:00:00.000000');
DONE!
Duration time = 00:00:07

1.208. Executing the request:  select bind_categories_between_timestamp('2024-07-30 00:00:00.000000', '2024-07-30 02:00:00.000000');
DONE!
Duration time = 00:00:04

1.209. Executing the request:  select bind_categories_between_timestamp('2024-07-30 02:00:00.000000', '2024-07-30 04:00:00.000000');
DONE!
Duration time = 00:00:14

1.210. Executing the request:  select bind_categories_between_timestamp('2024-07-30 04:00:00.000000', '2024-07-30 06:00:00.000000');
DONE!
Duration time = 00:00:37

1.211. Executing the request:  select bind_categories_between_timestamp('2024-07-30 06:00:00.000000', '2024-07-30 08:00:00.000000');
DONE!
Duration time = 00:00:31

1.212. Executing the request:  select bind_categories_between_timestamp('2024-07-30 08:00:00.000000', '2024-07-30 10:00:00.000000');
DONE!
Duration time = 00:00:21

1.213. Executing the request:  select bind_categories_between_timestamp('2024-07-30 10:00:00.000000', '2024-07-30 12:00:00.000000');
DONE!
Duration time = 00:00:06

1.214. Executing the request:  select bind_categories_between_timestamp('2024-07-30 12:00:00.000000', '2024-07-30 14:00:00.000000');
DONE!
Duration time = 00:00:10

1.215. Executing the request:  select bind_categories_between_timestamp('2024-07-30 14:00:00.000000', '2024-07-30 16:00:00.000000');
DONE!
Duration time = 00:00:02

1.216. Executing the request:  select bind_categories_between_timestamp('2024-07-30 16:00:00.000000', '2024-07-30 18:00:00.000000');
DONE!
Duration time = 00:00:03

1.217. Executing the request:  select bind_categories_between_timestamp('2024-07-30 18:00:00.000000', '2024-07-30 20:00:00.000000');
DONE!
Duration time = 00:00:00

1.218. Executing the request:  select bind_categories_between_timestamp('2024-07-30 20:00:00.000000', '2024-07-30 22:00:00.000000');
DONE!
Duration time = 00:00:00

1.219. Executing the request:  select bind_categories_between_timestamp('2024-07-30 22:00:00.000000', '2024-07-31 00:00:00.000000');
DONE!
Duration time = 00:00:00

1.220. Executing the request:  select bind_categories_between_timestamp('2024-07-31 00:00:00.000000', '2024-07-31 02:00:00.000000');
DONE!
Duration time = 00:00:00

1.221. Executing the request:  select bind_categories_between_timestamp('2024-07-31 02:00:00.000000', '2024-07-31 04:00:00.000000');
DONE!
Duration time = 00:00:00

1.222. Executing the request:  select bind_categories_between_timestamp('2024-07-31 04:00:00.000000', '2024-07-31 06:00:00.000000');
DONE!
Duration time = 00:00:00

1.223. Executing the request:  select bind_categories_between_timestamp('2024-07-31 06:00:00.000000', '2024-07-31 08:00:00.000000');
DONE!
Duration time = 00:00:00

1.224. Executing the request:  select bind_categories_between_timestamp('2024-07-31 08:00:00.000000', '2024-07-31 10:00:00.000000');
DONE!
Duration time = 00:00:00

1.225. Executing the request:  select bind_categories_between_timestamp('2024-07-31 10:00:00.000000', '2024-07-31 12:00:00.000000');
DONE!
Duration time = 00:00:00

1.226. Executing the request:  select bind_categories_between_timestamp('2024-07-31 12:00:00.000000', '2024-07-31 14:00:00.000000');
DONE!
Duration time = 00:00:00

1.227. Executing the request:  select bind_categories_between_timestamp('2024-07-31 14:00:00.000000', '2024-07-31 16:00:00.000000');
DONE!
Duration time = 00:00:00

1.228. Executing the request:  select bind_categories_between_timestamp('2024-07-31 16:00:00.000000', '2024-07-31 18:00:00.000000');
DONE!
Duration time = 00:00:00

1.229. Executing the request:  select bind_categories_between_timestamp('2024-07-31 18:00:00.000000', '2024-07-31 20:00:00.000000');
DONE!
Duration time = 00:00:00

1.230. Executing the request:  select bind_categories_between_timestamp('2024-07-31 20:00:00.000000', '2024-07-31 22:00:00.000000');
DONE!
Duration time = 00:00:00

1.231. Executing the request:  select bind_categories_between_timestamp('2024-07-31 22:00:00.000000', '2024-08-01 00:00:00.000000');
DONE!
Duration time = 00:00:00

1.232. Executing the request:  select bind_categories_between_timestamp('2024-08-01 00:00:00.000000', '2024-08-01 02:00:00.000000');
DONE!
Duration time = 00:00:00

1.233. Executing the request:  select bind_categories_between_timestamp('2024-08-01 02:00:00.000000', '2024-08-01 04:00:00.000000');
DONE!
Duration time = 00:00:00

1.234. Executing the request:  select bind_categories_between_timestamp('2024-08-01 04:00:00.000000', '2024-08-01 06:00:00.000000');
DONE!
Duration time = 00:00:00

1.235. Executing the request:  select bind_categories_between_timestamp('2024-08-01 06:00:00.000000', '2024-08-01 08:00:00.000000');
DONE!
Duration time = 00:00:00

1.236. Executing the request:  select bind_categories_between_timestamp('2024-08-01 08:00:00.000000', '2024-08-01 10:00:00.000000');
DONE!
Duration time = 00:00:01

1.237. Executing the request:  select bind_categories_between_timestamp('2024-08-01 10:00:00.000000', '2024-08-01 12:00:00.000000');
DONE!
Duration time = 00:00:04

1.238. Executing the request:  select bind_categories_between_timestamp('2024-08-01 12:00:00.000000', '2024-08-01 14:00:00.000000');
DONE!
Duration time = 00:00:09

1.239. Executing the request:  select bind_categories_between_timestamp('2024-08-01 14:00:00.000000', '2024-08-01 16:00:00.000000');
DONE!
Duration time = 00:00:06

1.240. Executing the request:  select bind_categories_between_timestamp('2024-08-01 16:00:00.000000', '2024-08-01 18:00:00.000000');
DONE!
Duration time = 00:00:04

1.241. Executing the request:  select bind_categories_between_timestamp('2024-08-01 18:00:00.000000', '2024-08-01 20:00:00.000000');
DONE!
Duration time = 00:00:04

1.242. Executing the request:  select bind_categories_between_timestamp('2024-08-01 20:00:00.000000', '2024-08-01 22:00:00.000000');
DONE!
Duration time = 00:00:02

1.243. Executing the request:  select bind_categories_between_timestamp('2024-08-01 22:00:00.000000', '2024-08-02 00:00:00.000000');
DONE!
Duration time = 00:00:00

1.244. Executing the request:  select bind_categories_between_timestamp('2024-08-02 00:00:00.000000', '2024-08-02 02:00:00.000000');
DONE!
Duration time = 00:00:01

1.245. Executing the request:  select bind_categories_between_timestamp('2024-08-02 02:00:00.000000', '2024-08-02 04:00:00.000000');
DONE!
Duration time = 00:00:00

1.246. Executing the request:  select bind_categories_between_timestamp('2024-08-02 04:00:00.000000', '2024-08-02 06:00:00.000000');
DONE!
Duration time = 00:00:02

1.247. Executing the request:  select bind_categories_between_timestamp('2024-08-02 06:00:00.000000', '2024-08-02 08:00:00.000000');
DONE!
Duration time = 00:00:02

1.248. Executing the request:  select bind_categories_between_timestamp('2024-08-02 08:00:00.000000', '2024-08-02 10:00:00.000000');
DONE!
Duration time = 00:00:02

1.249. Executing the request:  select bind_categories_between_timestamp('2024-08-02 10:00:00.000000', '2024-08-02 12:00:00.000000');
DONE!
Duration time = 00:00:02

1.250. Executing the request:  select bind_categories_between_timestamp('2024-08-02 12:00:00.000000', '2024-08-02 14:00:00.000000');
DONE!
Duration time = 00:00:01

1.251. Executing the request:  select bind_categories_between_timestamp('2024-08-02 14:00:00.000000', '2024-08-02 16:00:00.000000');
DONE!
Duration time = 00:00:02

1.252. Executing the request:  select bind_categories_between_timestamp('2024-08-02 16:00:00.000000', '2024-08-02 18:00:00.000000');
DONE!
Duration time = 00:00:01

1.253. Executing the request:  select bind_categories_between_timestamp('2024-08-02 18:00:00.000000', '2024-08-02 20:00:00.000000');
DONE!
Duration time = 00:00:01

1.254. Executing the request:  select bind_categories_between_timestamp('2024-08-02 20:00:00.000000', '2024-08-02 22:00:00.000000');
DONE!
Duration time = 00:00:00

1.255. Executing the request:  select bind_categories_between_timestamp('2024-08-02 22:00:00.000000', '2024-08-03 00:00:00.000000');
DONE!
Duration time = 00:00:00

1.256. Executing the request:  select bind_categories_between_timestamp('2024-08-03 00:00:00.000000', '2024-08-03 02:00:00.000000');
DONE!
Duration time = 00:00:00

1.257. Executing the request:  select bind_categories_between_timestamp('2024-08-03 02:00:00.000000', '2024-08-03 04:00:00.000000');
DONE!
Duration time = 00:00:00

1.258. Executing the request:  select bind_categories_between_timestamp('2024-08-03 04:00:00.000000', '2024-08-03 06:00:00.000000');
DONE!
Duration time = 00:00:01

1.259. Executing the request:  select bind_categories_between_timestamp('2024-08-03 06:00:00.000000', '2024-08-03 08:00:00.000000');
DONE!
Duration time = 00:00:01

1.260. Executing the request:  select bind_categories_between_timestamp('2024-08-03 08:00:00.000000', '2024-08-03 10:00:00.000000');
DONE!
Duration time = 00:00:01

1.261. Executing the request:  select bind_categories_between_timestamp('2024-08-03 10:00:00.000000', '2024-08-03 12:00:00.000000');
DONE!
Duration time = 00:00:01

1.262. Executing the request:  select bind_categories_between_timestamp('2024-08-03 12:00:00.000000', '2024-08-03 14:00:00.000000');
DONE!
Duration time = 00:00:01

1.263. Executing the request:  select bind_categories_between_timestamp('2024-08-03 14:00:00.000000', '2024-08-03 16:00:00.000000');
DONE!
Duration time = 00:00:01

1.264. Executing the request:  select bind_categories_between_timestamp('2024-08-03 16:00:00.000000', '2024-08-03 18:00:00.000000');
DONE!
Duration time = 00:00:01

1.265. Executing the request:  select bind_categories_between_timestamp('2024-08-03 18:00:00.000000', '2024-08-03 20:00:00.000000');
DONE!
Duration time = 00:00:01

1.266. Executing the request:  select bind_categories_between_timestamp('2024-08-03 20:00:00.000000', '2024-08-03 22:00:00.000000');
DONE!
Duration time = 00:00:00

1.267. Executing the request:  select bind_categories_between_timestamp('2024-08-03 22:00:00.000000', '2024-08-04 00:00:00.000000');
DONE!
Duration time = 00:00:00

1.268. Executing the request:  select bind_categories_between_timestamp('2024-08-04 00:00:00.000000', '2024-08-04 02:00:00.000000');
DONE!
Duration time = 00:00:00

1.269. Executing the request:  select bind_categories_between_timestamp('2024-08-04 02:00:00.000000', '2024-08-04 04:00:00.000000');
DONE!
Duration time = 00:00:00

1.270. Executing the request:  select bind_categories_between_timestamp('2024-08-04 04:00:00.000000', '2024-08-04 06:00:00.000000');
DONE!
Duration time = 00:00:00

1.271. Executing the request:  select bind_categories_between_timestamp('2024-08-04 06:00:00.000000', '2024-08-04 08:00:00.000000');
DONE!
Duration time = 00:00:00

1.272. Executing the request:  select bind_categories_between_timestamp('2024-08-04 08:00:00.000000', '2024-08-04 10:00:00.000000');
DONE!
Duration time = 00:00:03

1.273. Executing the request:  select bind_categories_between_timestamp('2024-08-04 10:00:00.000000', '2024-08-04 12:00:00.000000');
DONE!
Duration time = 00:00:01

1.274. Executing the request:  select bind_categories_between_timestamp('2024-08-04 12:00:00.000000', '2024-08-04 14:00:00.000000');
DONE!
Duration time = 00:00:00

1.275. Executing the request:  select bind_categories_between_timestamp('2024-08-04 14:00:00.000000', '2024-08-04 16:00:00.000000');
DONE!
Duration time = 00:00:00

1.276. Executing the request:  select bind_categories_between_timestamp('2024-08-04 16:00:00.000000', '2024-08-04 18:00:00.000000');
DONE!
Duration time = 00:00:01

1.277. Executing the request:  select bind_categories_between_timestamp('2024-08-04 18:00:00.000000', '2024-08-04 20:00:00.000000');
DONE!
Duration time = 00:00:00

1.278. Executing the request:  select bind_categories_between_timestamp('2024-08-04 20:00:00.000000', '2024-08-04 22:00:00.000000');
DONE!
Duration time = 00:00:00

1.279. Executing the request:  select bind_categories_between_timestamp('2024-08-04 22:00:00.000000', '2024-08-05 00:00:00.000000');
DONE!
Duration time = 00:00:00

1.280. Executing the request:  select bind_categories_between_timestamp('2024-08-05 00:00:00.000000', '2024-08-05 02:00:00.000000');
DONE!
Duration time = 00:00:00

1.281. Executing the request:  select bind_categories_between_timestamp('2024-08-05 02:00:00.000000', '2024-08-05 04:00:00.000000');
DONE!
Duration time = 00:00:00

1.282. Executing the request:  select bind_categories_between_timestamp('2024-08-05 04:00:00.000000', '2024-08-05 06:00:00.000000');
DONE!
Duration time = 00:00:01

1.283. Executing the request:  select bind_categories_between_timestamp('2024-08-05 06:00:00.000000', '2024-08-05 08:00:00.000000');
DONE!
Duration time = 00:00:01

1.284. Executing the request:  select bind_categories_between_timestamp('2024-08-05 08:00:00.000000', '2024-08-05 10:00:00.000000');
DONE!
Duration time = 00:00:01

1.285. Executing the request:  select bind_categories_between_timestamp('2024-08-05 10:00:00.000000', '2024-08-05 12:00:00.000000');
DONE!
Duration time = 00:00:00

1.286. Executing the request:  select bind_categories_between_timestamp('2024-08-05 12:00:00.000000', '2024-08-05 14:00:00.000000');
DONE!
Duration time = 00:00:01

1.287. Executing the request:  select bind_categories_between_timestamp('2024-08-05 14:00:00.000000', '2024-08-05 16:00:00.000000');
DONE!
Duration time = 00:00:00

1.288. Executing the request:  select bind_categories_between_timestamp('2024-08-05 16:00:00.000000', '2024-08-05 18:00:00.000000');
DONE!
Duration time = 00:00:00

1.289. Executing the request:  select bind_categories_between_timestamp('2024-08-05 18:00:00.000000', '2024-08-05 20:00:00.000000');
DONE!
Duration time = 00:00:00

1.290. Executing the request:  select bind_categories_between_timestamp('2024-08-05 20:00:00.000000', '2024-08-05 22:00:00.000000');
DONE!
Duration time = 00:00:00

1.291. Executing the request:  select bind_categories_between_timestamp('2024-08-05 22:00:00.000000', '2024-08-06 00:00:00.000000');
DONE!
Duration time = 00:00:00

1.292. Executing the request:  select bind_categories_between_timestamp('2024-08-06 00:00:00.000000', '2024-08-06 02:00:00.000000');
DONE!
Duration time = 00:00:00

1.293. Executing the request:  select bind_categories_between_timestamp('2024-08-06 02:00:00.000000', '2024-08-06 04:00:00.000000');
DONE!
Duration time = 00:00:00

1.294. Executing the request:  select bind_categories_between_timestamp('2024-08-06 04:00:00.000000', '2024-08-06 06:00:00.000000');
DONE!
Duration time = 00:00:01

1.295. Executing the request:  select bind_categories_between_timestamp('2024-08-06 06:00:00.000000', '2024-08-06 08:00:00.000000');
DONE!
Duration time = 00:00:02

1.296. Executing the request:  select bind_categories_between_timestamp('2024-08-06 08:00:00.000000', '2024-08-06 10:00:00.000000');
DONE!
Duration time = 00:00:02

1.297. Executing the request:  select bind_categories_between_timestamp('2024-08-06 10:00:00.000000', '2024-08-06 12:00:00.000000');
DONE!
Duration time = 00:00:03

1.298. Executing the request:  select bind_categories_between_timestamp('2024-08-06 12:00:00.000000', '2024-08-06 14:00:00.000000');
DONE!
Duration time = 00:00:02

1.299. Executing the request:  select bind_categories_between_timestamp('2024-08-06 14:00:00.000000', '2024-08-06 16:00:00.000000');
DONE!
Duration time = 00:00:01

1.300. Executing the request:  select bind_categories_between_timestamp('2024-08-06 16:00:00.000000', '2024-08-06 18:00:00.000000');
DONE!
Duration time = 00:00:02

1.301. Executing the request:  select bind_categories_between_timestamp('2024-08-06 18:00:00.000000', '2024-08-06 20:00:00.000000');
DONE!
Duration time = 00:00:02

1.302. Executing the request:  select bind_categories_between_timestamp('2024-08-06 20:00:00.000000', '2024-08-06 22:00:00.000000');
DONE!
Duration time = 00:00:01

1.303. Executing the request:  select bind_categories_between_timestamp('2024-08-06 22:00:00.000000', '2024-08-07 00:00:00.000000');
DONE!
Duration time = 00:00:01

1.304. Executing the request:  select bind_categories_between_timestamp('2024-08-07 00:00:00.000000', '2024-08-07 02:00:00.000000');
DONE!
Duration time = 00:00:01

1.305. Executing the request:  select bind_categories_between_timestamp('2024-08-07 02:00:00.000000', '2024-08-07 04:00:00.000000');
DONE!
Duration time = 00:00:02

1.306. Executing the request:  select bind_categories_between_timestamp('2024-08-07 04:00:00.000000', '2024-08-07 06:00:00.000000');
DONE!
Duration time = 00:00:05

1.307. Executing the request:  select bind_categories_between_timestamp('2024-08-07 06:00:00.000000', '2024-08-07 08:00:00.000000');
DONE!
Duration time = 00:00:04

1.308. Executing the request:  select bind_categories_between_timestamp('2024-08-07 08:00:00.000000', '2024-08-07 10:00:00.000000');
DONE!
Duration time = 00:00:12

1.309. Executing the request:  select bind_categories_between_timestamp('2024-08-07 10:00:00.000000', '2024-08-07 12:00:00.000000');
DONE!
Duration time = 00:00:03

1.310. Executing the request:  select bind_categories_between_timestamp('2024-08-07 12:00:00.000000', '2024-08-07 14:00:00.000000');
DONE!
Duration time = 00:00:03

1.311. Executing the request:  select bind_categories_between_timestamp('2024-08-07 14:00:00.000000', '2024-08-07 16:00:00.000000');
DONE!
Duration time = 00:00:12

1.312. Executing the request:  select bind_categories_between_timestamp('2024-08-07 16:00:00.000000', '2024-08-07 18:00:00.000000');
DONE!
Duration time = 00:00:01

1.313. Executing the request:  select bind_categories_between_timestamp('2024-08-07 18:00:00.000000', '2024-08-07 20:00:00.000000');
DONE!
Duration time = 00:00:01

1.314. Executing the request:  select bind_categories_between_timestamp('2024-08-07 20:00:00.000000', '2024-08-07 22:00:00.000000');
DONE!
Duration time = 00:00:00

1.315. Executing the request:  select bind_categories_between_timestamp('2024-08-07 22:00:00.000000', '2024-08-08 00:00:00.000000');
DONE!
Duration time = 00:00:00

1.316. Executing the request:  select bind_categories_between_timestamp('2024-08-08 00:00:00.000000', '2024-08-08 02:00:00.000000');
DONE!
Duration time = 00:00:00

1.317. Executing the request:  select bind_categories_between_timestamp('2024-08-08 02:00:00.000000', '2024-08-08 04:00:00.000000');
DONE!
Duration time = 00:00:00

1.318. Executing the request:  select bind_categories_between_timestamp('2024-08-08 04:00:00.000000', '2024-08-08 06:00:00.000000');
DONE!
Duration time = 00:00:01

1.319. Executing the request:  select bind_categories_between_timestamp('2024-08-08 06:00:00.000000', '2024-08-08 08:00:00.000000');
DONE!
Duration time = 00:00:01

1.320. Executing the request:  select bind_categories_between_timestamp('2024-08-08 08:00:00.000000', '2024-08-08 10:00:00.000000');
DONE!
Duration time = 00:00:04

1.321. Executing the request:  select bind_categories_between_timestamp('2024-08-08 10:00:00.000000', '2024-08-08 12:00:00.000000');
DONE!
Duration time = 00:00:01

1.322. Executing the request:  select bind_categories_between_timestamp('2024-08-08 12:00:00.000000', '2024-08-08 14:00:00.000000');
DONE!
Duration time = 00:00:01

1.323. Executing the request:  select bind_categories_between_timestamp('2024-08-08 14:00:00.000000', '2024-08-08 16:00:00.000000');
DONE!
Duration time = 00:00:01

1.324. Executing the request:  select bind_categories_between_timestamp('2024-08-08 16:00:00.000000', '2024-08-08 18:00:00.000000');
DONE!
Duration time = 00:00:01

1.325. Executing the request:  select bind_categories_between_timestamp('2024-08-08 18:00:00.000000', '2024-08-08 20:00:00.000000');
DONE!
Duration time = 00:00:01

1.326. Executing the request:  select bind_categories_between_timestamp('2024-08-08 20:00:00.000000', '2024-08-08 22:00:00.000000');
DONE!
Duration time = 00:00:01

1.327. Executing the request:  select bind_categories_between_timestamp('2024-08-08 22:00:00.000000', '2024-08-09 00:00:00.000000');
DONE!
Duration time = 00:00:00

1.328. Executing the request:  select bind_categories_between_timestamp('2024-08-09 00:00:00.000000', '2024-08-09 02:00:00.000000');
DONE!
Duration time = 00:00:00

1.329. Executing the request:  select bind_categories_between_timestamp('2024-08-09 02:00:00.000000', '2024-08-09 04:00:00.000000');
DONE!
Duration time = 00:00:00

1.330. Executing the request:  select bind_categories_between_timestamp('2024-08-09 04:00:00.000000', '2024-08-09 06:00:00.000000');
DONE!
Duration time = 00:00:01

1.331. Executing the request:  select bind_categories_between_timestamp('2024-08-09 06:00:00.000000', '2024-08-09 08:00:00.000000');
DONE!
Duration time = 00:00:01

1.332. Executing the request:  select bind_categories_between_timestamp('2024-08-09 08:00:00.000000', '2024-08-09 10:00:00.000000');
DONE!
Duration time = 00:00:10

1.333. Executing the request:  select bind_categories_between_timestamp('2024-08-09 10:00:00.000000', '2024-08-09 12:00:00.000000');
DONE!
Duration time = 00:00:01

1.334. Executing the request:  select bind_categories_between_timestamp('2024-08-09 12:00:00.000000', '2024-08-09 14:00:00.000000');
DONE!
Duration time = 00:00:00

1.335. Executing the request:  select bind_categories_between_timestamp('2024-08-09 14:00:00.000000', '2024-08-09 16:00:00.000000');
DONE!
Duration time = 00:00:00

1.336. Executing the request:  select bind_categories_between_timestamp('2024-08-09 16:00:00.000000', '2024-08-09 18:00:00.000000');
DONE!
Duration time = 00:00:01

1.337. Executing the request:  select bind_categories_between_timestamp('2024-08-09 18:00:00.000000', '2024-08-09 20:00:00.000000');
DONE!
Duration time = 00:00:00

1.338. Executing the request:  select bind_categories_between_timestamp('2024-08-09 20:00:00.000000', '2024-08-09 22:00:00.000000');
DONE!
Duration time = 00:00:00

1.339. Executing the request:  select bind_categories_between_timestamp('2024-08-09 22:00:00.000000', '2024-08-10 00:00:00.000000');
DONE!
Duration time = 00:00:00

1.340. Executing the request:  select bind_categories_between_timestamp('2024-08-10 00:00:00.000000', '2024-08-10 02:00:00.000000');
DONE!
Duration time = 00:00:00

1.341. Executing the request:  select bind_categories_between_timestamp('2024-08-10 02:00:00.000000', '2024-08-10 04:00:00.000000');
DONE!
Duration time = 00:00:00

1.342. Executing the request:  select bind_categories_between_timestamp('2024-08-10 04:00:00.000000', '2024-08-10 06:00:00.000000');
DONE!
Duration time = 00:00:01

1.343. Executing the request:  select bind_categories_between_timestamp('2024-08-10 06:00:00.000000', '2024-08-10 08:00:00.000000');
DONE!
Duration time = 00:00:01

1.344. Executing the request:  select bind_categories_between_timestamp('2024-08-10 08:00:00.000000', '2024-08-10 10:00:00.000000');
DONE!
Duration time = 00:00:01

1.345. Executing the request:  select bind_categories_between_timestamp('2024-08-10 10:00:00.000000', '2024-08-10 12:00:00.000000');
DONE!
Duration time = 00:00:03

1.346. Executing the request:  select bind_categories_between_timestamp('2024-08-10 12:00:00.000000', '2024-08-10 14:00:00.000000');
DONE!
Duration time = 00:00:02

1.347. Executing the request:  select bind_categories_between_timestamp('2024-08-10 14:00:00.000000', '2024-08-10 16:00:00.000000');
DONE!
Duration time = 00:00:02

1.348. Executing the request:  select bind_categories_between_timestamp('2024-08-10 16:00:00.000000', '2024-08-10 18:00:00.000000');
DONE!
Duration time = 00:00:01

1.349. Executing the request:  select bind_categories_between_timestamp('2024-08-10 18:00:00.000000', '2024-08-10 20:00:00.000000');
DONE!
Duration time = 00:00:03

1.350. Executing the request:  select bind_categories_between_timestamp('2024-08-10 20:00:00.000000', '2024-08-10 22:00:00.000000');
DONE!
Duration time = 00:00:02

1.351. Executing the request:  select bind_categories_between_timestamp('2024-08-10 22:00:00.000000', '2024-08-11 00:00:00.000000');
DONE!
Duration time = 00:00:00

1.352. Executing the request:  select bind_categories_between_timestamp('2024-08-11 00:00:00.000000', '2024-08-11 02:00:00.000000');
DONE!
Duration time = 00:00:01

1.353. Executing the request:  select bind_categories_between_timestamp('2024-08-11 02:00:00.000000', '2024-08-11 04:00:00.000000');
DONE!
Duration time = 00:00:01

1.354. Executing the request:  select bind_categories_between_timestamp('2024-08-11 04:00:00.000000', '2024-08-11 06:00:00.000000');
DONE!
Duration time = 00:00:03

1.355. Executing the request:  select bind_categories_between_timestamp('2024-08-11 06:00:00.000000', '2024-08-11 08:00:00.000000');
DONE!
Duration time = 00:00:03

1.356. Executing the request:  select bind_categories_between_timestamp('2024-08-11 08:00:00.000000', '2024-08-11 10:00:00.000000');
DONE!
Duration time = 00:00:02

1.357. Executing the request:  select bind_categories_between_timestamp('2024-08-11 10:00:00.000000', '2024-08-11 12:00:00.000000');
DONE!
Duration time = 00:00:02

1.358. Executing the request:  select bind_categories_between_timestamp('2024-08-11 12:00:00.000000', '2024-08-11 14:00:00.000000');
DONE!
Duration time = 00:00:00

1.359. Executing the request:  select bind_categories_between_timestamp('2024-08-11 14:00:00.000000', '2024-08-11 16:00:00.000000');
DONE!
Duration time = 00:00:01

1.360. Executing the request:  select bind_categories_between_timestamp('2024-08-11 16:00:00.000000', '2024-08-11 18:00:00.000000');
DONE!
Duration time = 00:00:02

1.361. Executing the request:  select bind_categories_between_timestamp('2024-08-11 18:00:00.000000', '2024-08-11 20:00:00.000000');
DONE!
Duration time = 00:00:01

1.362. Executing the request:  select bind_categories_between_timestamp('2024-08-11 20:00:00.000000', '2024-08-11 22:00:00.000000');
DONE!
Duration time = 00:00:00

1.363. Executing the request:  select bind_categories_between_timestamp('2024-08-11 22:00:00.000000', '2024-08-12 00:00:00.000000');
DONE!
Duration time = 00:00:00

1.364. Executing the request:  select bind_categories_between_timestamp('2024-08-12 00:00:00.000000', '2024-08-12 02:00:00.000000');
DONE!
Duration time = 00:00:00

1.365. Executing the request:  select bind_categories_between_timestamp('2024-08-12 02:00:00.000000', '2024-08-12 04:00:00.000000');
DONE!
Duration time = 00:00:00

1.366. Executing the request:  select bind_categories_between_timestamp('2024-08-12 04:00:00.000000', '2024-08-12 06:00:00.000000');
DONE!
Duration time = 00:00:02

1.367. Executing the request:  select bind_categories_between_timestamp('2024-08-12 06:00:00.000000', '2024-08-12 08:00:00.000000');
DONE!
Duration time = 00:00:02

1.368. Executing the request:  select bind_categories_between_timestamp('2024-08-12 08:00:00.000000', '2024-08-12 10:00:00.000000');
DONE!
Duration time = 00:00:25

1.369. Executing the request:  select bind_categories_between_timestamp('2024-08-12 10:00:00.000000', '2024-08-12 12:00:00.000000');
DONE!
Duration time = 00:00:03

1.370. Executing the request:  select bind_categories_between_timestamp('2024-08-12 12:00:00.000000', '2024-08-12 14:00:00.000000');
DONE!
Duration time = 00:00:01

1.371. Executing the request:  select bind_categories_between_timestamp('2024-08-12 14:00:00.000000', '2024-08-12 16:00:00.000000');
DONE!
Duration time = 00:00:01

1.372. Executing the request:  select bind_categories_between_timestamp('2024-08-12 16:00:00.000000', '2024-08-12 18:00:00.000000');
DONE!
Duration time = 00:00:01

1.373. Executing the request:  select bind_categories_between_timestamp('2024-08-12 18:00:00.000000', '2024-08-12 20:00:00.000000');
DONE!
Duration time = 00:00:01

1.374. Executing the request:  select bind_categories_between_timestamp('2024-08-12 20:00:00.000000', '2024-08-12 22:00:00.000000');
DONE!
Duration time = 00:00:00

1.375. Executing the request:  select bind_categories_between_timestamp('2024-08-12 22:00:00.000000', '2024-08-13 00:00:00.000000');
DONE!
Duration time = 00:00:00

1.376. Executing the request:  select bind_categories_between_timestamp('2024-08-13 00:00:00.000000', '2024-08-13 02:00:00.000000');
DONE!
Duration time = 00:00:00

1.377. Executing the request:  select bind_categories_between_timestamp('2024-08-13 02:00:00.000000', '2024-08-13 04:00:00.000000');
DONE!
Duration time = 00:00:00

1.378. Executing the request:  select bind_categories_between_timestamp('2024-08-13 04:00:00.000000', '2024-08-13 06:00:00.000000');
DONE!
Duration time = 00:00:01

1.379. Executing the request:  select bind_categories_between_timestamp('2024-08-13 06:00:00.000000', '2024-08-13 08:00:00.000000');
DONE!
Duration time = 00:00:01

1.380. Executing the request:  select bind_categories_between_timestamp('2024-08-13 08:00:00.000000', '2024-08-13 10:00:00.000000');
DONE!
Duration time = 00:00:26

1.381. Executing the request:  select bind_categories_between_timestamp('2024-08-13 10:00:00.000000', '2024-08-13 12:00:00.000000');
DONE!
Duration time = 00:00:10

1.382. Executing the request:  select bind_categories_between_timestamp('2024-08-13 12:00:00.000000', '2024-08-13 14:00:00.000000');
DONE!
Duration time = 00:00:06

1.383. Executing the request:  select bind_categories_between_timestamp('2024-08-13 14:00:00.000000', '2024-08-13 16:00:00.000000');
DONE!
Duration time = 00:00:01

1.384. Executing the request:  select bind_categories_between_timestamp('2024-08-13 16:00:00.000000', '2024-08-13 18:00:00.000000');
DONE!
Duration time = 00:00:02

1.385. Executing the request:  select bind_categories_between_timestamp('2024-08-13 18:00:00.000000', '2024-08-13 20:00:00.000000');
DONE!
Duration time = 00:00:01

1.386. Executing the request:  select bind_categories_between_timestamp('2024-08-13 20:00:00.000000', '2024-08-13 22:00:00.000000');
DONE!
Duration time = 00:00:00

1.387. Executing the request:  select bind_categories_between_timestamp('2024-08-13 22:00:00.000000', '2024-08-14 00:00:00.000000');
DONE!
Duration time = 00:00:00

1.388. Executing the request:  select bind_categories_between_timestamp('2024-08-14 00:00:00.000000', '2024-08-14 02:00:00.000000');
DONE!
Duration time = 00:00:00

1.389. Executing the request:  select bind_categories_between_timestamp('2024-08-14 02:00:00.000000', '2024-08-14 04:00:00.000000');
DONE!
Duration time = 00:00:00

1.390. Executing the request:  select bind_categories_between_timestamp('2024-08-14 04:00:00.000000', '2024-08-14 06:00:00.000000');
DONE!
Duration time = 00:00:03

1.391. Executing the request:  select bind_categories_between_timestamp('2024-08-14 06:00:00.000000', '2024-08-14 08:00:00.000000');
DONE!
Duration time = 00:00:04

1.392. Executing the request:  select bind_categories_between_timestamp('2024-08-14 08:00:00.000000', '2024-08-14 10:00:00.000000');
DONE!
Duration time = 00:00:03

1.393. Executing the request:  select bind_categories_between_timestamp('2024-08-14 10:00:00.000000', '2024-08-14 12:00:00.000000');
DONE!
Duration time = 00:00:02

1.394. Executing the request:  select bind_categories_between_timestamp('2024-08-14 12:00:00.000000', '2024-08-14 14:00:00.000000');
DONE!
Duration time = 00:00:02

1.395. Executing the request:  select bind_categories_between_timestamp('2024-08-14 14:00:00.000000', '2024-08-14 16:00:00.000000');
DONE!
Duration time = 00:00:02

1.396. Executing the request:  select bind_categories_between_timestamp('2024-08-14 16:00:00.000000', '2024-08-14 18:00:00.000000');
DONE!
Duration time = 00:00:01

1.397. Executing the request:  select bind_categories_between_timestamp('2024-08-14 18:00:00.000000', '2024-08-14 20:00:00.000000');
DONE!
Duration time = 00:00:01

1.398. Executing the request:  select bind_categories_between_timestamp('2024-08-14 20:00:00.000000', '2024-08-14 22:00:00.000000');
DONE!
Duration time = 00:00:00

1.399. Executing the request:  select bind_categories_between_timestamp('2024-08-14 22:00:00.000000', '2024-08-15 00:00:00.000000');
DONE!
Duration time = 00:00:00

1.400. Executing the request:  select bind_categories_between_timestamp('2024-08-15 00:00:00.000000', '2024-08-15 02:00:00.000000');
DONE!
Duration time = 00:00:00

1.401. Executing the request:  select bind_categories_between_timestamp('2024-08-15 02:00:00.000000', '2024-08-15 04:00:00.000000');
DONE!
Duration time = 00:00:00

1.402. Executing the request:  select bind_categories_between_timestamp('2024-08-15 04:00:00.000000', '2024-08-15 06:00:00.000000');
DONE!
Duration time = 00:00:02

1.403. Executing the request:  select bind_categories_between_timestamp('2024-08-15 06:00:00.000000', '2024-08-15 08:00:00.000000');
DONE!
Duration time = 00:00:01

1.404. Executing the request:  select bind_categories_between_timestamp('2024-08-15 08:00:00.000000', '2024-08-15 10:00:00.000000');
DONE!
Duration time = 00:00:01

1.405. Executing the request:  select bind_categories_between_timestamp('2024-08-15 10:00:00.000000', '2024-08-15 12:00:00.000000');
DONE!
Duration time = 00:00:02

1.406. Executing the request:  select bind_categories_between_timestamp('2024-08-15 12:00:00.000000', '2024-08-15 14:00:00.000000');
DONE!
Duration time = 00:00:01

1.407. Executing the request:  select bind_categories_between_timestamp('2024-08-15 14:00:00.000000', '2024-08-15 16:00:00.000000');
DONE!
Duration time = 00:00:01

1.408. Executing the request:  select bind_categories_between_timestamp('2024-08-15 16:00:00.000000', '2024-08-15 18:00:00.000000');
DONE!
Duration time = 00:00:02

1.409. Executing the request:  select bind_categories_between_timestamp('2024-08-15 18:00:00.000000', '2024-08-15 20:00:00.000000');
DONE!
Duration time = 00:00:01

1.410. Executing the request:  select bind_categories_between_timestamp('2024-08-15 20:00:00.000000', '2024-08-15 22:00:00.000000');
DONE!
Duration time = 00:00:00

1.411. Executing the request:  select bind_categories_between_timestamp('2024-08-15 22:00:00.000000', '2024-08-16 00:00:00.000000');
DONE!
Duration time = 00:00:00

1.412. Executing the request:  select bind_categories_between_timestamp('2024-08-16 00:00:00.000000', '2024-08-16 02:00:00.000000');
DONE!
Duration time = 00:00:00

1.413. Executing the request:  select bind_categories_between_timestamp('2024-08-16 02:00:00.000000', '2024-08-16 04:00:00.000000');
DONE!
Duration time = 00:00:00

1.414. Executing the request:  select bind_categories_between_timestamp('2024-08-16 04:00:00.000000', '2024-08-16 06:00:00.000000');
DONE!
Duration time = 00:00:01

1.415. Executing the request:  select bind_categories_between_timestamp('2024-08-16 06:00:00.000000', '2024-08-16 08:00:00.000000');
DONE!
Duration time = 00:00:01

1.416. Executing the request:  select bind_categories_between_timestamp('2024-08-16 08:00:00.000000', '2024-08-16 10:00:00.000000');
DONE!
Duration time = 00:00:02

1.417. Executing the request:  select bind_categories_between_timestamp('2024-08-16 10:00:00.000000', '2024-08-16 12:00:00.000000');
DONE!
Duration time = 00:00:01

1.418. Executing the request:  select bind_categories_between_timestamp('2024-08-16 12:00:00.000000', '2024-08-16 14:00:00.000000');
DONE!
Duration time = 00:00:01

1.419. Executing the request:  select bind_categories_between_timestamp('2024-08-16 14:00:00.000000', '2024-08-16 16:00:00.000000');
DONE!
Duration time = 00:00:01

1.420. Executing the request:  select bind_categories_between_timestamp('2024-08-16 16:00:00.000000', '2024-08-16 18:00:00.000000');
DONE!
Duration time = 00:00:01

1.421. Executing the request:  select bind_categories_between_timestamp('2024-08-16 18:00:00.000000', '2024-08-16 20:00:00.000000');
DONE!
Duration time = 00:00:02

1.422. Executing the request:  select bind_categories_between_timestamp('2024-08-16 20:00:00.000000', '2024-08-16 22:00:00.000000');
DONE!
Duration time = 00:00:00

1.423. Executing the request:  select bind_categories_between_timestamp('2024-08-16 22:00:00.000000', '2024-08-17 00:00:00.000000');
DONE!
Duration time = 00:00:00

1.424. Executing the request:  select bind_categories_between_timestamp('2024-08-17 00:00:00.000000', '2024-08-17 02:00:00.000000');
DONE!
Duration time = 00:00:00

1.425. Executing the request:  select bind_categories_between_timestamp('2024-08-17 02:00:00.000000', '2024-08-17 04:00:00.000000');
DONE!
Duration time = 00:00:00

1.426. Executing the request:  select bind_categories_between_timestamp('2024-08-17 04:00:00.000000', '2024-08-17 06:00:00.000000');
DONE!
Duration time = 00:00:00

1.427. Executing the request:  select bind_categories_between_timestamp('2024-08-17 06:00:00.000000', '2024-08-17 08:00:00.000000');
DONE!
Duration time = 00:00:00

1.428. Executing the request:  select bind_categories_between_timestamp('2024-08-17 08:00:00.000000', '2024-08-17 10:00:00.000000');
DONE!
Duration time = 00:00:00

1.429. Executing the request:  select bind_categories_between_timestamp('2024-08-17 10:00:00.000000', '2024-08-17 12:00:00.000000');
DONE!
Duration time = 00:00:00

1.430. Executing the request:  select bind_categories_between_timestamp('2024-08-17 12:00:00.000000', '2024-08-17 14:00:00.000000');
DONE!
Duration time = 00:00:00

1.431. Executing the request:  select bind_categories_between_timestamp('2024-08-17 14:00:00.000000', '2024-08-17 16:00:00.000000');
DONE!
Duration time = 00:00:00

1.432. Executing the request:  select bind_categories_between_timestamp('2024-08-17 16:00:00.000000', '2024-08-17 18:00:00.000000');
DONE!
Duration time = 00:00:00

1.433. Executing the request:  select bind_categories_between_timestamp('2024-08-17 18:00:00.000000', '2024-08-17 20:00:00.000000');
DONE!
Duration time = 00:00:00

1.434. Executing the request:  select bind_categories_between_timestamp('2024-08-17 20:00:00.000000', '2024-08-17 22:00:00.000000');
DONE!
Duration time = 00:00:00

1.435. Executing the request:  select bind_categories_between_timestamp('2024-08-17 22:00:00.000000', '2024-08-18 00:00:00.000000');
DONE!
Duration time = 00:00:00

1.436. Executing the request:  select bind_categories_between_timestamp('2024-08-18 00:00:00.000000', '2024-08-18 02:00:00.000000');
DONE!
Duration time = 00:00:00

1.437. Executing the request:  select bind_categories_between_timestamp('2024-08-18 02:00:00.000000', '2024-08-18 04:00:00.000000');
DONE!
Duration time = 00:00:00

1.438. Executing the request:  select bind_categories_between_timestamp('2024-08-18 04:00:00.000000', '2024-08-18 06:00:00.000000');
DONE!
Duration time = 00:00:01

1.439. Executing the request:  select bind_categories_between_timestamp('2024-08-18 06:00:00.000000', '2024-08-18 08:00:00.000000');
DONE!
Duration time = 00:00:01

1.440. Executing the request:  select bind_categories_between_timestamp('2024-08-18 08:00:00.000000', '2024-08-18 10:00:00.000000');
DONE!
Duration time = 00:00:01

1.441. Executing the request:  select bind_categories_between_timestamp('2024-08-18 10:00:00.000000', '2024-08-18 12:00:00.000000');
DONE!
Duration time = 00:00:02

1.442. Executing the request:  select bind_categories_between_timestamp('2024-08-18 12:00:00.000000', '2024-08-18 14:00:00.000000');
DONE!
Duration time = 00:00:01

1.443. Executing the request:  select bind_categories_between_timestamp('2024-08-18 14:00:00.000000', '2024-08-18 16:00:00.000000');
DONE!
Duration time = 00:00:01

1.444. Executing the request:  select bind_categories_between_timestamp('2024-08-18 16:00:00.000000', '2024-08-18 18:00:00.000000');
DONE!
Duration time = 00:00:01

1.445. Executing the request:  select bind_categories_between_timestamp('2024-08-18 18:00:00.000000', '2024-08-18 20:00:00.000000');
DONE!
Duration time = 00:00:01

1.446. Executing the request:  select bind_categories_between_timestamp('2024-08-18 20:00:00.000000', '2024-08-18 22:00:00.000000');
DONE!
Duration time = 00:00:01

1.447. Executing the request:  select bind_categories_between_timestamp('2024-08-18 22:00:00.000000', '2024-08-19 00:00:00.000000');
DONE!
Duration time = 00:00:00

1.448. Executing the request:  select bind_categories_between_timestamp('2024-08-19 00:00:00.000000', '2024-08-19 02:00:00.000000');
DONE!
Duration time = 00:00:00

1.449. Executing the request:  select bind_categories_between_timestamp('2024-08-19 02:00:00.000000', '2024-08-19 04:00:00.000000');
DONE!
Duration time = 00:00:00

1.450. Executing the request:  select bind_categories_between_timestamp('2024-08-19 04:00:00.000000', '2024-08-19 06:00:00.000000');
DONE!
Duration time = 00:00:01

1.451. Executing the request:  select bind_categories_between_timestamp('2024-08-19 06:00:00.000000', '2024-08-19 08:00:00.000000');
DONE!
Duration time = 00:00:02

1.452. Executing the request:  select bind_categories_between_timestamp('2024-08-19 08:00:00.000000', '2024-08-19 10:00:00.000000');
DONE!
Duration time = 00:00:02

1.453. Executing the request:  select bind_categories_between_timestamp('2024-08-19 10:00:00.000000', '2024-08-19 12:00:00.000000');
DONE!
Duration time = 00:00:02

1.454. Executing the request:  select bind_categories_between_timestamp('2024-08-19 12:00:00.000000', '2024-08-19 14:00:00.000000');
DONE!
Duration time = 00:00:01

1.455. Executing the request:  select bind_categories_between_timestamp('2024-08-19 14:00:00.000000', '2024-08-19 16:00:00.000000');
DONE!
Duration time = 00:00:04

1.456. Executing the request:  select bind_categories_between_timestamp('2024-08-19 16:00:00.000000', '2024-08-19 18:00:00.000000');
DONE!
Duration time = 00:00:03

1.457. Executing the request:  select bind_categories_between_timestamp('2024-08-19 18:00:00.000000', '2024-08-19 20:00:00.000000');
DONE!
Duration time = 00:00:01

1.458. Executing the request:  select bind_categories_between_timestamp('2024-08-19 20:00:00.000000', '2024-08-19 22:00:00.000000');
DONE!
Duration time = 00:00:00

1.459. Executing the request:  select bind_categories_between_timestamp('2024-08-19 22:00:00.000000', '2024-08-20 00:00:00.000000');
DONE!
Duration time = 00:00:00

1.460. Executing the request:  select bind_categories_between_timestamp('2024-08-20 00:00:00.000000', '2024-08-20 02:00:00.000000');
DONE!
Duration time = 00:00:00

1.461. Executing the request:  select bind_categories_between_timestamp('2024-08-20 02:00:00.000000', '2024-08-20 04:00:00.000000');
DONE!
Duration time = 00:00:00

1.462. Executing the request:  select bind_categories_between_timestamp('2024-08-20 04:00:00.000000', '2024-08-20 06:00:00.000000');
DONE!
Duration time = 00:00:01

1.463. Executing the request:  select bind_categories_between_timestamp('2024-08-20 06:00:00.000000', '2024-08-20 08:00:00.000000');
DONE!
Duration time = 00:00:01

1.464. Executing the request:  select bind_categories_between_timestamp('2024-08-20 08:00:00.000000', '2024-08-20 10:00:00.000000');
DONE!
Duration time = 00:00:01

1.465. Executing the request:  select bind_categories_between_timestamp('2024-08-20 10:00:00.000000', '2024-08-20 12:00:00.000000');
DONE!
Duration time = 00:00:01

1.466. Executing the request:  select bind_categories_between_timestamp('2024-08-20 12:00:00.000000', '2024-08-20 14:00:00.000000');
DONE!
Duration time = 00:00:02

1.467. Executing the request:  select bind_categories_between_timestamp('2024-08-20 14:00:00.000000', '2024-08-20 16:00:00.000000');
DONE!
Duration time = 00:00:02

1.468. Executing the request:  select bind_categories_between_timestamp('2024-08-20 16:00:00.000000', '2024-08-20 18:00:00.000000');
DONE!
Duration time = 00:00:01

1.469. Executing the request:  select bind_categories_between_timestamp('2024-08-20 18:00:00.000000', '2024-08-20 20:00:00.000000');
DONE!
Duration time = 00:00:02

1.470. Executing the request:  select bind_categories_between_timestamp('2024-08-20 20:00:00.000000', '2024-08-20 22:00:00.000000');
DONE!
Duration time = 00:00:00

1.471. Executing the request:  select bind_categories_between_timestamp('2024-08-20 22:00:00.000000', '2024-08-21 00:00:00.000000');
DONE!
Duration time = 00:00:01

1.472. Executing the request:  select bind_categories_between_timestamp('2024-08-21 00:00:00.000000', '2024-08-21 02:00:00.000000');
DONE!
Duration time = 00:00:00

1.473. Executing the request:  select bind_categories_between_timestamp('2024-08-21 02:00:00.000000', '2024-08-21 04:00:00.000000');
DONE!
Duration time = 00:00:00

1.474. Executing the request:  select bind_categories_between_timestamp('2024-08-21 04:00:00.000000', '2024-08-21 06:00:00.000000');
DONE!
Duration time = 00:00:01

1.475. Executing the request:  select bind_categories_between_timestamp('2024-08-21 06:00:00.000000', '2024-08-21 08:00:00.000000');
DONE!
Duration time = 00:00:02

1.476. Executing the request:  select bind_categories_between_timestamp('2024-08-21 08:00:00.000000', '2024-08-21 10:00:00.000000');
DONE!
Duration time = 00:00:02

1.477. Executing the request:  select bind_categories_between_timestamp('2024-08-21 10:00:00.000000', '2024-08-21 12:00:00.000000');
DONE!
Duration time = 00:00:01

1.478. Executing the request:  select bind_categories_between_timestamp('2024-08-21 12:00:00.000000', '2024-08-21 14:00:00.000000');
DONE!
Duration time = 00:00:02

1.479. Executing the request:  select bind_categories_between_timestamp('2024-08-21 14:00:00.000000', '2024-08-21 16:00:00.000000');
DONE!
Duration time = 00:00:02

1.480. Executing the request:  select bind_categories_between_timestamp('2024-08-21 16:00:00.000000', '2024-08-21 18:00:00.000000');
DONE!
Duration time = 00:00:01

1.481. Executing the request:  select bind_categories_between_timestamp('2024-08-21 18:00:00.000000', '2024-08-21 20:00:00.000000');
DONE!
Duration time = 00:00:01

1.482. Executing the request:  select bind_categories_between_timestamp('2024-08-21 20:00:00.000000', '2024-08-21 22:00:00.000000');
DONE!
Duration time = 00:00:00

1.483. Executing the request:  select bind_categories_between_timestamp('2024-08-21 22:00:00.000000', '2024-08-22 00:00:00.000000');
DONE!
Duration time = 00:00:00

1.484. Executing the request:  select bind_categories_between_timestamp('2024-08-22 00:00:00.000000', '2024-08-22 02:00:00.000000');
DONE!
Duration time = 00:00:00

1.485. Executing the request:  select bind_categories_between_timestamp('2024-08-22 02:00:00.000000', '2024-08-22 04:00:00.000000');
DONE!
Duration time = 00:00:00

1.486. Executing the request:  select bind_categories_between_timestamp('2024-08-22 04:00:00.000000', '2024-08-22 06:00:00.000000');
DONE!
Duration time = 00:00:02

1.487. Executing the request:  select bind_categories_between_timestamp('2024-08-22 06:00:00.000000', '2024-08-22 08:00:00.000000');
DONE!
Duration time = 00:00:01

1.488. Executing the request:  select bind_categories_between_timestamp('2024-08-22 08:00:00.000000', '2024-08-22 10:00:00.000000');
DONE!
Duration time = 00:00:01

1.489. Executing the request:  select bind_categories_between_timestamp('2024-08-22 10:00:00.000000', '2024-08-22 12:00:00.000000');
DONE!
Duration time = 00:00:01

1.490. Executing the request:  select bind_categories_between_timestamp('2024-08-22 12:00:00.000000', '2024-08-22 14:00:00.000000');
DONE!
Duration time = 00:00:01

1.491. Executing the request:  select bind_categories_between_timestamp('2024-08-22 14:00:00.000000', '2024-08-22 16:00:00.000000');
DONE!
Duration time = 00:00:00

1.492. Executing the request:  select bind_categories_between_timestamp('2024-08-22 16:00:00.000000', '2024-08-22 18:00:00.000000');
DONE!
Duration time = 00:00:00

1.493. Executing the request:  select bind_categories_between_timestamp('2024-08-22 18:00:00.000000', '2024-08-22 20:00:00.000000');
DONE!
Duration time = 00:00:00

1.494. Executing the request:  select bind_categories_between_timestamp('2024-08-22 20:00:00.000000', '2024-08-22 22:00:00.000000');
DONE!
Duration time = 00:00:00

1.495. Executing the request:  select bind_categories_between_timestamp('2024-08-22 22:00:00.000000', '2024-08-23 00:00:00.000000');
DONE!
Duration time = 00:00:00

1.496. Executing the request:  select bind_categories_between_timestamp('2024-08-23 00:00:00.000000', '2024-08-23 02:00:00.000000');
DONE!
Duration time = 00:00:00

1.497. Executing the request:  select bind_categories_between_timestamp('2024-08-23 02:00:00.000000', '2024-08-23 04:00:00.000000');
DONE!
Duration time = 00:00:00

1.498. Executing the request:  select bind_categories_between_timestamp('2024-08-23 04:00:00.000000', '2024-08-23 06:00:00.000000');
DONE!
Duration time = 00:00:00

1.499. Executing the request:  select bind_categories_between_timestamp('2024-08-23 06:00:00.000000', '2024-08-23 08:00:00.000000');
DONE!
Duration time = 00:00:00

1.500. Executing the request:  select bind_categories_between_timestamp('2024-08-23 08:00:00.000000', '2024-08-23 10:00:00.000000');
DONE!
Duration time = 00:00:00

1.501. Executing the request:  select bind_categories_between_timestamp('2024-08-23 10:00:00.000000', '2024-08-23 12:00:00.000000');
DONE!
Duration time = 00:00:01

1.502. Executing the request:  select bind_categories_between_timestamp('2024-08-23 12:00:00.000000', '2024-08-23 14:00:00.000000');
DONE!
Duration time = 00:00:01

1.503. Executing the request:  select bind_categories_between_timestamp('2024-08-23 14:00:00.000000', '2024-08-23 16:00:00.000000');
DONE!
Duration time = 00:00:01

1.504. Executing the request:  select bind_categories_between_timestamp('2024-08-23 16:00:00.000000', '2024-08-23 18:00:00.000000');
DONE!
Duration time = 00:00:01

1.505. Executing the request:  select bind_categories_between_timestamp('2024-08-23 18:00:00.000000', '2024-08-23 20:00:00.000000');
DONE!
Duration time = 00:00:01

1.506. Executing the request:  select bind_categories_between_timestamp('2024-08-23 20:00:00.000000', '2024-08-23 22:00:00.000000');
DONE!
Duration time = 00:00:00

1.507. Executing the request:  select bind_categories_between_timestamp('2024-08-23 22:00:00.000000', '2024-08-24 00:00:00.000000');
DONE!
Duration time = 00:00:00

1.508. Executing the request:  select bind_categories_between_timestamp('2024-08-24 00:00:00.000000', '2024-08-24 02:00:00.000000');
DONE!
Duration time = 00:00:00

1.509. Executing the request:  select bind_categories_between_timestamp('2024-08-24 02:00:00.000000', '2024-08-24 04:00:00.000000');
DONE!
Duration time = 00:00:00

1.510. Executing the request:  select bind_categories_between_timestamp('2024-08-24 04:00:00.000000', '2024-08-24 06:00:00.000000');
DONE!
Duration time = 00:00:01

1.511. Executing the request:  select bind_categories_between_timestamp('2024-08-24 06:00:00.000000', '2024-08-24 08:00:00.000000');
DONE!
Duration time = 00:00:01

1.512. Executing the request:  select bind_categories_between_timestamp('2024-08-24 08:00:00.000000', '2024-08-24 10:00:00.000000');
DONE!
Duration time = 00:00:01

1.513. Executing the request:  select bind_categories_between_timestamp('2024-08-24 10:00:00.000000', '2024-08-24 12:00:00.000000');
DONE!
Duration time = 00:00:01

1.514. Executing the request:  select bind_categories_between_timestamp('2024-08-24 12:00:00.000000', '2024-08-24 14:00:00.000000');
DONE!
Duration time = 00:00:02

1.515. Executing the request:  select bind_categories_between_timestamp('2024-08-24 14:00:00.000000', '2024-08-24 16:00:00.000000');
DONE!
Duration time = 00:00:02

1.516. Executing the request:  select bind_categories_between_timestamp('2024-08-24 16:00:00.000000', '2024-08-24 18:00:00.000000');
DONE!
Duration time = 00:00:01

1.517. Executing the request:  select bind_categories_between_timestamp('2024-08-24 18:00:00.000000', '2024-08-24 20:00:00.000000');
DONE!
Duration time = 00:00:01

1.518. Executing the request:  select bind_categories_between_timestamp('2024-08-24 20:00:00.000000', '2024-08-24 22:00:00.000000');
DONE!
Duration time = 00:00:00

1.519. Executing the request:  select bind_categories_between_timestamp('2024-08-24 22:00:00.000000', '2024-08-25 00:00:00.000000');
DONE!
Duration time = 00:00:00

1.520. Executing the request:  select bind_categories_between_timestamp('2024-08-25 00:00:00.000000', '2024-08-25 02:00:00.000000');
DONE!
Duration time = 00:00:01

1.521. Executing the request:  select bind_categories_between_timestamp('2024-08-25 02:00:00.000000', '2024-08-25 04:00:00.000000');
DONE!
Duration time = 00:00:00

1.522. Executing the request:  select bind_categories_between_timestamp('2024-08-25 04:00:00.000000', '2024-08-25 06:00:00.000000');
DONE!
Duration time = 00:00:01

1.523. Executing the request:  select bind_categories_between_timestamp('2024-08-25 06:00:00.000000', '2024-08-25 08:00:00.000000');
DONE!
Duration time = 00:00:01

1.524. Executing the request:  select bind_categories_between_timestamp('2024-08-25 08:00:00.000000', '2024-08-25 10:00:00.000000');
DONE!
Duration time = 00:00:03

1.525. Executing the request:  select bind_categories_between_timestamp('2024-08-25 10:00:00.000000', '2024-08-25 12:00:00.000000');
DONE!
Duration time = 00:00:01

1.526. Executing the request:  select bind_categories_between_timestamp('2024-08-25 12:00:00.000000', '2024-08-25 14:00:00.000000');
DONE!
Duration time = 00:00:00

1.527. Executing the request:  select bind_categories_between_timestamp('2024-08-25 14:00:00.000000', '2024-08-25 16:00:00.000000');
DONE!
Duration time = 00:00:01

1.528. Executing the request:  select bind_categories_between_timestamp('2024-08-25 16:00:00.000000', '2024-08-25 18:00:00.000000');
DONE!
Duration time = 00:00:01

1.529. Executing the request:  select bind_categories_between_timestamp('2024-08-25 18:00:00.000000', '2024-08-25 20:00:00.000000');
DONE!
Duration time = 00:00:01

1.530. Executing the request:  select bind_categories_between_timestamp('2024-08-25 20:00:00.000000', '2024-08-25 22:00:00.000000');
DONE!
Duration time = 00:00:00

1.531. Executing the request:  select bind_categories_between_timestamp('2024-08-25 22:00:00.000000', '2024-08-26 00:00:00.000000');
DONE!
Duration time = 00:00:00

1.532. Executing the request:  select bind_categories_between_timestamp('2024-08-26 00:00:00.000000', '2024-08-26 02:00:00.000000');
DONE!
Duration time = 00:00:00

1.533. Executing the request:  select bind_categories_between_timestamp('2024-08-26 02:00:00.000000', '2024-08-26 04:00:00.000000');
DONE!
Duration time = 00:00:00

1.534. Executing the request:  select bind_categories_between_timestamp('2024-08-26 04:00:00.000000', '2024-08-26 06:00:00.000000');
DONE!
Duration time = 00:00:02

1.535. Executing the request:  select bind_categories_between_timestamp('2024-08-26 06:00:00.000000', '2024-08-26 08:00:00.000000');
DONE!
Duration time = 00:00:02

1.536. Executing the request:  select bind_categories_between_timestamp('2024-08-26 08:00:00.000000', '2024-08-26 10:00:00.000000');
DONE!
Duration time = 00:00:02

1.537. Executing the request:  select bind_categories_between_timestamp('2024-08-26 10:00:00.000000', '2024-08-26 12:00:00.000000');
DONE!
Duration time = 00:00:03

1.538. Executing the request:  select bind_categories_between_timestamp('2024-08-26 12:00:00.000000', '2024-08-26 14:00:00.000000');
DONE!
Duration time = 00:00:01

1.539. Executing the request:  select bind_categories_between_timestamp('2024-08-26 14:00:00.000000', '2024-08-26 16:00:00.000000');
DONE!
Duration time = 00:00:02

1.540. Executing the request:  select bind_categories_between_timestamp('2024-08-26 16:00:00.000000', '2024-08-26 18:00:00.000000');
DONE!
Duration time = 00:00:01

1.541. Executing the request:  select bind_categories_between_timestamp('2024-08-26 18:00:00.000000', '2024-08-26 20:00:00.000000');
DONE!
Duration time = 00:00:01

1.542. Executing the request:  select bind_categories_between_timestamp('2024-08-26 20:00:00.000000', '2024-08-26 22:00:00.000000');
DONE!
Duration time = 00:00:01

1.543. Executing the request:  select bind_categories_between_timestamp('2024-08-26 22:00:00.000000', '2024-08-27 00:00:00.000000');
DONE!
Duration time = 00:00:00

1.544. Executing the request:  select bind_categories_between_timestamp('2024-08-27 00:00:00.000000', '2024-08-27 02:00:00.000000');
DONE!
Duration time = 00:00:00

1.545. Executing the request:  select bind_categories_between_timestamp('2024-08-27 02:00:00.000000', '2024-08-27 04:00:00.000000');
DONE!
Duration time = 00:00:00

1.546. Executing the request:  select bind_categories_between_timestamp('2024-08-27 04:00:00.000000', '2024-08-27 06:00:00.000000');
DONE!
Duration time = 00:00:01

1.547. Executing the request:  select bind_categories_between_timestamp('2024-08-27 06:00:00.000000', '2024-08-27 08:00:00.000000');
DONE!
Duration time = 00:00:02

1.548. Executing the request:  select bind_categories_between_timestamp('2024-08-27 08:00:00.000000', '2024-08-27 10:00:00.000000');
DONE!
Duration time = 00:00:02

1.549. Executing the request:  select bind_categories_between_timestamp('2024-08-27 10:00:00.000000', '2024-08-27 12:00:00.000000');
DONE!
Duration time = 00:00:02

1.550. Executing the request:  select bind_categories_between_timestamp('2024-08-27 12:00:00.000000', '2024-08-27 14:00:00.000000');
DONE!
Duration time = 00:00:02

1.551. Executing the request:  select bind_categories_between_timestamp('2024-08-27 14:00:00.000000', '2024-08-27 16:00:00.000000');
DONE!
Duration time = 00:00:01

1.552. Executing the request:  select bind_categories_between_timestamp('2024-08-27 16:00:00.000000', '2024-08-27 18:00:00.000000');
DONE!
Duration time = 00:00:01

1.553. Executing the request:  select bind_categories_between_timestamp('2024-08-27 18:00:00.000000', '2024-08-27 20:00:00.000000');
DONE!
Duration time = 00:00:02

1.554. Executing the request:  select bind_categories_between_timestamp('2024-08-27 20:00:00.000000', '2024-08-27 22:00:00.000000');
DONE!
Duration time = 00:00:00

1.555. Executing the request:  select bind_categories_between_timestamp('2024-08-27 22:00:00.000000', '2024-08-28 00:00:00.000000');
DONE!
Duration time = 00:00:00

1.556. Executing the request:  select bind_categories_between_timestamp('2024-08-28 00:00:00.000000', '2024-08-28 02:00:00.000000');
DONE!
Duration time = 00:00:00

1.557. Executing the request:  select bind_categories_between_timestamp('2024-08-28 02:00:00.000000', '2024-08-28 04:00:00.000000');
DONE!
Duration time = 00:00:00

1.558. Executing the request:  select bind_categories_between_timestamp('2024-08-28 04:00:00.000000', '2024-08-28 06:00:00.000000');
DONE!
Duration time = 00:00:00

1.559. Executing the request:  select bind_categories_between_timestamp('2024-08-28 06:00:00.000000', '2024-08-28 08:00:00.000000');
DONE!
Duration time = 00:00:00

1.560. Executing the request:  select bind_categories_between_timestamp('2024-08-28 08:00:00.000000', '2024-08-28 10:00:00.000000');
DONE!
Duration time = 00:00:01

1.561. Executing the request:  select bind_categories_between_timestamp('2024-08-28 10:00:00.000000', '2024-08-28 12:00:00.000000');
DONE!
Duration time = 00:00:01

1.562. Executing the request:  select bind_categories_between_timestamp('2024-08-28 12:00:00.000000', '2024-08-28 14:00:00.000000');
DONE!
Duration time = 00:00:03

1.563. Executing the request:  select bind_categories_between_timestamp('2024-08-28 14:00:00.000000', '2024-08-28 16:00:00.000000');
DONE!
Duration time = 00:00:03

1.564. Executing the request:  select bind_categories_between_timestamp('2024-08-28 16:00:00.000000', '2024-08-28 18:00:00.000000');
DONE!
Duration time = 00:00:02

1.565. Executing the request:  select bind_categories_between_timestamp('2024-08-28 18:00:00.000000', '2024-08-28 20:00:00.000000');
DONE!
Duration time = 00:00:02

1.566. Executing the request:  select bind_categories_between_timestamp('2024-08-28 20:00:00.000000', '2024-08-28 22:00:00.000000');
DONE!
Duration time = 00:00:01

1.567. Executing the request:  select bind_categories_between_timestamp('2024-08-28 22:00:00.000000', '2024-08-29 00:00:00.000000');
DONE!
Duration time = 00:00:01

1.568. Executing the request:  select bind_categories_between_timestamp('2024-08-29 00:00:00.000000', '2024-08-29 02:00:00.000000');
DONE!
Duration time = 00:00:01

1.569. Executing the request:  select bind_categories_between_timestamp('2024-08-29 02:00:00.000000', '2024-08-29 04:00:00.000000');
DONE!
Duration time = 00:00:01

1.570. Executing the request:  select bind_categories_between_timestamp('2024-08-29 04:00:00.000000', '2024-08-29 06:00:00.000000');
DONE!
Duration time = 00:00:03

1.571. Executing the request:  select bind_categories_between_timestamp('2024-08-29 06:00:00.000000', '2024-08-29 08:00:00.000000');
DONE!
Duration time = 00:00:02

1.572. Executing the request:  select bind_categories_between_timestamp('2024-08-29 08:00:00.000000', '2024-08-29 10:00:00.000000');
DONE!
Duration time = 00:00:02

1.573. Executing the request:  select bind_categories_between_timestamp('2024-08-29 10:00:00.000000', '2024-08-29 12:00:00.000000');
DONE!
Duration time = 00:00:01

1.574. Executing the request:  select bind_categories_between_timestamp('2024-08-29 12:00:00.000000', '2024-08-29 14:00:00.000000');
DONE!
Duration time = 00:00:01

1.575. Executing the request:  select bind_categories_between_timestamp('2024-08-29 14:00:00.000000', '2024-08-29 16:00:00.000000');
DONE!
Duration time = 00:00:01

1.576. Executing the request:  select bind_categories_between_timestamp('2024-08-29 16:00:00.000000', '2024-08-29 18:00:00.000000');
DONE!
Duration time = 00:00:00

1.577. Executing the request:  select bind_categories_between_timestamp('2024-08-29 18:00:00.000000', '2024-08-29 20:00:00.000000');
DONE!
Duration time = 00:00:00

1.578. Executing the request:  select bind_categories_between_timestamp('2024-08-29 20:00:00.000000', '2024-08-29 22:00:00.000000');
DONE!
Duration time = 00:00:00

1.579. Executing the request:  select bind_categories_between_timestamp('2024-08-29 22:00:00.000000', '2024-08-30 00:00:00.000000');
DONE!
Duration time = 00:00:01

1.580. Executing the request:  select bind_categories_between_timestamp('2024-08-30 00:00:00.000000', '2024-08-30 02:00:00.000000');
DONE!
Duration time = 00:00:00

1.581. Executing the request:  select bind_categories_between_timestamp('2024-08-30 02:00:00.000000', '2024-08-30 04:00:00.000000');
DONE!
Duration time = 00:00:01

1.582. Executing the request:  select bind_categories_between_timestamp('2024-08-30 04:00:00.000000', '2024-08-30 06:00:00.000000');
DONE!
Duration time = 00:00:02

1.583. Executing the request:  select bind_categories_between_timestamp('2024-08-30 06:00:00.000000', '2024-08-30 08:00:00.000000');
DONE!
Duration time = 00:00:00

1.584. Executing the request:  select bind_categories_between_timestamp('2024-08-30 08:00:00.000000', '2024-08-30 10:00:00.000000');
DONE!
Duration time = 00:00:00

1.585. Executing the request:  select bind_categories_between_timestamp('2024-08-30 10:00:00.000000', '2024-08-30 12:00:00.000000');
DONE!
Duration time = 00:00:14

1.586. Executing the request:  select bind_categories_between_timestamp('2024-08-30 12:00:00.000000', '2024-08-30 14:00:00.000000');
DONE!
Duration time = 00:00:08

1.587. Executing the request:  select bind_categories_between_timestamp('2024-08-30 14:00:00.000000', '2024-08-30 16:00:00.000000');
DONE!
Duration time = 00:00:00

1.588. Executing the request:  select bind_categories_between_timestamp('2024-08-30 16:00:00.000000', '2024-08-30 18:00:00.000000');
DONE!
Duration time = 00:00:00

1.589. Executing the request:  select bind_categories_between_timestamp('2024-08-30 18:00:00.000000', '2024-08-30 20:00:00.000000');
DONE!
Duration time = 00:00:00

1.590. Executing the request:  select bind_categories_between_timestamp('2024-08-30 20:00:00.000000', '2024-08-30 22:00:00.000000');
DONE!
Duration time = 00:00:00

1.591. Executing the request:  select bind_categories_between_timestamp('2024-08-30 22:00:00.000000', '2024-08-31 00:00:00.000000');
DONE!
Duration time = 00:00:00

1.592. Executing the request:  select bind_categories_between_timestamp('2024-08-31 00:00:00.000000', '2024-08-31 02:00:00.000000');
DONE!
Duration time = 00:00:00

1.593. Executing the request:  select bind_categories_between_timestamp('2024-08-31 02:00:00.000000', '2024-08-31 04:00:00.000000');
DONE!
Duration time = 00:00:00

1.594. Executing the request:  select bind_categories_between_timestamp('2024-08-31 04:00:00.000000', '2024-08-31 06:00:00.000000');
DONE!
Duration time = 00:00:00

1.595. Executing the request:  select bind_categories_between_timestamp('2024-08-31 06:00:00.000000', '2024-08-31 08:00:00.000000');
DONE!
Duration time = 00:00:00

1.596. Executing the request:  select bind_categories_between_timestamp('2024-08-31 08:00:00.000000', '2024-08-31 10:00:00.000000');
DONE!
Duration time = 00:00:00

1.597. Executing the request:  select bind_categories_between_timestamp('2024-08-31 10:00:00.000000', '2024-08-31 12:00:00.000000');
DONE!
Duration time = 00:00:00

1.598. Executing the request:  select bind_categories_between_timestamp('2024-08-31 12:00:00.000000', '2024-08-31 14:00:00.000000');
DONE!
Duration time = 00:00:00

1.599. Executing the request:  select bind_categories_between_timestamp('2024-08-31 14:00:00.000000', '2024-08-31 16:00:00.000000');
DONE!
Duration time = 00:00:00

1.600. Executing the request:  select bind_categories_between_timestamp('2024-08-31 16:00:00.000000', '2024-08-31 18:00:00.000000');
DONE!
Duration time = 00:00:00

1.601. Executing the request:  select bind_categories_between_timestamp('2024-08-31 18:00:00.000000', '2024-08-31 20:00:00.000000');
DONE!
Duration time = 00:00:00

1.602. Executing the request:  select bind_categories_between_timestamp('2024-08-31 20:00:00.000000', '2024-08-31 22:00:00.000000');
DONE!
Duration time = 00:00:00

1.603. Executing the request:  select bind_categories_between_timestamp('2024-08-31 22:00:00.000000', '2024-09-01 00:00:00.000000');
DONE!
Duration time = 00:00:00

1.604. Executing the request:  select bind_categories_between_timestamp('2024-09-01 00:00:00.000000', '2024-09-01 02:00:00.000000');
DONE!
Duration time = 00:00:00

1.605. Executing the request:  select bind_categories_between_timestamp('2024-09-01 02:00:00.000000', '2024-09-01 04:00:00.000000');
DONE!
Duration time = 00:00:00

1.606. Executing the request:  select bind_categories_between_timestamp('2024-09-01 04:00:00.000000', '2024-09-01 06:00:00.000000');
DONE!
Duration time = 00:00:00

1.607. Executing the request:  select bind_categories_between_timestamp('2024-09-01 06:00:00.000000', '2024-09-01 08:00:00.000000');
DONE!
Duration time = 00:00:00

1.608. Executing the request:  select bind_categories_between_timestamp('2024-09-01 08:00:00.000000', '2024-09-01 10:00:00.000000');
DONE!
Duration time = 00:00:00

1.609. Executing the request:  select bind_categories_between_timestamp('2024-09-01 10:00:00.000000', '2024-09-01 12:00:00.000000');
DONE!
Duration time = 00:00:00

1.610. Executing the request:  select bind_categories_between_timestamp('2024-09-01 12:00:00.000000', '2024-09-01 14:00:00.000000');
DONE!
Duration time = 00:00:00

1.611. Executing the request:  select bind_categories_between_timestamp('2024-09-01 14:00:00.000000', '2024-09-01 16:00:00.000000');
DONE!
Duration time = 00:00:00

1.612. Executing the request:  select bind_categories_between_timestamp('2024-09-01 16:00:00.000000', '2024-09-01 18:00:00.000000');
DONE!
Duration time = 00:00:00

1.613. Executing the request:  select bind_categories_between_timestamp('2024-09-01 18:00:00.000000', '2024-09-01 20:00:00.000000');
DONE!
Duration time = 00:00:00

1.614. Executing the request:  select bind_categories_between_timestamp('2024-09-01 20:00:00.000000', '2024-09-01 22:00:00.000000');
DONE!
Duration time = 00:00:00

1.615. Executing the request:  select bind_categories_between_timestamp('2024-09-01 22:00:00.000000', '2024-09-02 00:00:00.000000');
DONE!
Duration time = 00:00:00

1.616. Executing the request:  select bind_categories_between_timestamp('2024-09-02 00:00:00.000000', '2024-09-02 02:00:00.000000');
DONE!
Duration time = 00:00:00

1.617. Executing the request:  select bind_categories_between_timestamp('2024-09-02 02:00:00.000000', '2024-09-02 04:00:00.000000');
DONE!
Duration time = 00:00:00

1.618. Executing the request:  select bind_categories_between_timestamp('2024-09-02 04:00:00.000000', '2024-09-02 06:00:00.000000');
DONE!
Duration time = 00:00:00

1.619. Executing the request:  select bind_categories_between_timestamp('2024-09-02 06:00:00.000000', '2024-09-02 08:00:00.000000');
DONE!
Duration time = 00:00:00

1.620. Executing the request:  select bind_categories_between_timestamp('2024-09-02 08:00:00.000000', '2024-09-02 10:00:00.000000');
DONE!
Duration time = 00:00:00

1.621. Executing the request:  select bind_categories_between_timestamp('2024-09-02 10:00:00.000000', '2024-09-02 12:00:00.000000');
DONE!
Duration time = 00:00:00

1.622. Executing the request:  select bind_categories_between_timestamp('2024-09-02 12:00:00.000000', '2024-09-02 14:00:00.000000');
DONE!
Duration time = 00:00:00

1.623. Executing the request:  select bind_categories_between_timestamp('2024-09-02 14:00:00.000000', '2024-09-02 16:00:00.000000');
DONE!
Duration time = 00:00:00

1.624. Executing the request:  select bind_categories_between_timestamp('2024-09-02 16:00:00.000000', '2024-09-02 18:00:00.000000');
DONE!
Duration time = 00:00:00

1.625. Executing the request:  select bind_categories_between_timestamp('2024-09-02 18:00:00.000000', '2024-09-02 20:00:00.000000');
DONE!
Duration time = 00:00:00

1.626. Executing the request:  select bind_categories_between_timestamp('2024-09-02 20:00:00.000000', '2024-09-02 22:00:00.000000');
DONE!
Duration time = 00:00:00

1.627. Executing the request:  select bind_categories_between_timestamp('2024-09-02 22:00:00.000000', '2024-09-03 00:00:00.000000');
DONE!
Duration time = 00:00:00

1.628. Executing the request:  select bind_categories_between_timestamp('2024-09-03 00:00:00.000000', '2024-09-03 02:00:00.000000');
DONE!
Duration time = 00:00:00

1.629. Executing the request:  select bind_categories_between_timestamp('2024-09-03 02:00:00.000000', '2024-09-03 04:00:00.000000');
DONE!
Duration time = 00:00:00

1.630. Executing the request:  select bind_categories_between_timestamp('2024-09-03 04:00:00.000000', '2024-09-03 06:00:00.000000');
DONE!
Duration time = 00:00:00

1.631. Executing the request:  select bind_categories_between_timestamp('2024-09-03 06:00:00.000000', '2024-09-03 08:00:00.000000');
DONE!
Duration time = 00:00:00

1.632. Executing the request:  select bind_categories_between_timestamp('2024-09-03 08:00:00.000000', '2024-09-03 10:00:00.000000');
DONE!
Duration time = 00:00:00

1.633. Executing the request:  select bind_categories_between_timestamp('2024-09-03 10:00:00.000000', '2024-09-03 12:00:00.000000');
DONE!
Duration time = 00:00:00

1.634. Executing the request:  select bind_categories_between_timestamp('2024-09-03 12:00:00.000000', '2024-09-03 14:00:00.000000');
DONE!
Duration time = 00:00:00

1.635. Executing the request:  select bind_categories_between_timestamp('2024-09-03 14:00:00.000000', '2024-09-03 16:00:00.000000');
DONE!
Duration time = 00:00:00

1.636. Executing the request:  select bind_categories_between_timestamp('2024-09-03 16:00:00.000000', '2024-09-03 18:00:00.000000');
DONE!
Duration time = 00:00:00

1.637. Executing the request:  select bind_categories_between_timestamp('2024-09-03 18:00:00.000000', '2024-09-03 20:00:00.000000');
DONE!
Duration time = 00:00:00

1.638. Executing the request:  select bind_categories_between_timestamp('2024-09-03 20:00:00.000000', '2024-09-03 22:00:00.000000');
DONE!
Duration time = 00:00:00

1.639. Executing the request:  select bind_categories_between_timestamp('2024-09-03 22:00:00.000000', '2024-09-04 00:00:00.000000');
DONE!
Duration time = 00:00:00

1.640. Executing the request:  select bind_categories_between_timestamp('2024-09-04 00:00:00.000000', '2024-09-04 02:00:00.000000');
DONE!
Duration time = 00:00:00

1.641. Executing the request:  select bind_categories_between_timestamp('2024-09-04 02:00:00.000000', '2024-09-04 04:00:00.000000');
DONE!
Duration time = 00:00:00

1.642. Executing the request:  select bind_categories_between_timestamp('2024-09-04 04:00:00.000000', '2024-09-04 06:00:00.000000');
DONE!
Duration time = 00:00:07

1.643. Executing the request:  select bind_categories_between_timestamp('2024-09-04 06:00:00.000000', '2024-09-04 08:00:00.000000');
DONE!
Duration time = 00:00:02

1.644. Executing the request:  select bind_categories_between_timestamp('2024-09-04 08:00:00.000000', '2024-09-04 10:00:00.000000');
DONE!
Duration time = 00:00:02

1.645. Executing the request:  select bind_categories_between_timestamp('2024-09-04 10:00:00.000000', '2024-09-04 12:00:00.000000');
DONE!
Duration time = 00:00:02

1.646. Executing the request:  select bind_categories_between_timestamp('2024-09-04 12:00:00.000000', '2024-09-04 14:00:00.000000');
DONE!
Duration time = 00:00:03

1.647. Executing the request:  select bind_categories_between_timestamp('2024-09-04 14:00:00.000000', '2024-09-04 16:00:00.000000');
DONE!
Duration time = 00:00:01

1.648. Executing the request:  select bind_categories_between_timestamp('2024-09-04 16:00:00.000000', '2024-09-04 18:00:00.000000');
DONE!
Duration time = 00:00:01

1.649. Executing the request:  select bind_categories_between_timestamp('2024-09-04 18:00:00.000000', '2024-09-04 20:00:00.000000');
DONE!
Duration time = 00:00:01

1.650. Executing the request:  select bind_categories_between_timestamp('2024-09-04 20:00:00.000000', '2024-09-04 22:00:00.000000');
DONE!
Duration time = 00:00:01

1.651. Executing the request:  select bind_categories_between_timestamp('2024-09-04 22:00:00.000000', '2024-09-05 00:00:00.000000');
DONE!
Duration time = 00:00:00

1.652. Executing the request:  select bind_categories_between_timestamp('2024-09-05 00:00:00.000000', '2024-09-05 02:00:00.000000');
DONE!
Duration time = 00:00:00

1.653. Executing the request:  select bind_categories_between_timestamp('2024-09-05 02:00:00.000000', '2024-09-05 04:00:00.000000');
DONE!
Duration time = 00:00:00

1.654. Executing the request:  select bind_categories_between_timestamp('2024-09-05 04:00:00.000000', '2024-09-05 06:00:00.000000');
DONE!
Duration time = 00:00:01

1.655. Executing the request:  select bind_categories_between_timestamp('2024-09-05 06:00:00.000000', '2024-09-05 08:00:00.000000');
DONE!
Duration time = 00:00:00

1.656. Executing the request:  select bind_categories_between_timestamp('2024-09-05 08:00:00.000000', '2024-09-05 10:00:00.000000');
DONE!
Duration time = 00:00:00

1.657. Executing the request:  select bind_categories_between_timestamp('2024-09-05 10:00:00.000000', '2024-09-05 12:00:00.000000');
DONE!
Duration time = 00:00:01

1.658. Executing the request:  select bind_categories_between_timestamp('2024-09-05 12:00:00.000000', '2024-09-05 14:00:00.000000');
DONE!
Duration time = 00:00:00

1.659. Executing the request:  select bind_categories_between_timestamp('2024-09-05 14:00:00.000000', '2024-09-05 16:00:00.000000');
DONE!
Duration time = 00:00:00

1.660. Executing the request:  select bind_categories_between_timestamp('2024-09-05 16:00:00.000000', '2024-09-05 18:00:00.000000');
DONE!
Duration time = 00:00:00

1.661. Executing the request:  select bind_categories_between_timestamp('2024-09-05 18:00:00.000000', '2024-09-05 20:00:00.000000');
DONE!
Duration time = 00:00:00

1.662. Executing the request:  select bind_categories_between_timestamp('2024-09-05 20:00:00.000000', '2024-09-05 22:00:00.000000');
DONE!
Duration time = 00:00:00

1.663. Executing the request:  select bind_categories_between_timestamp('2024-09-05 22:00:00.000000', '2024-09-06 00:00:00.000000');
DONE!
Duration time = 00:00:00

1.664. Executing the request:  select bind_categories_between_timestamp('2024-09-06 00:00:00.000000', '2024-09-06 02:00:00.000000');
DONE!
Duration time = 00:00:00

1.665. Executing the request:  select bind_categories_between_timestamp('2024-09-06 02:00:00.000000', '2024-09-06 04:00:00.000000');
DONE!
Duration time = 00:00:00

1.666. Executing the request:  select bind_categories_between_timestamp('2024-09-06 04:00:00.000000', '2024-09-06 06:00:00.000000');
DONE!
Duration time = 00:00:00

1.667. Executing the request:  select bind_categories_between_timestamp('2024-09-06 06:00:00.000000', '2024-09-06 08:00:00.000000');
DONE!
Duration time = 00:00:01

1.668. Executing the request:  select bind_categories_between_timestamp('2024-09-06 08:00:00.000000', '2024-09-06 10:00:00.000000');
DONE!
Duration time = 00:00:00

1.669. Executing the request:  select bind_categories_between_timestamp('2024-09-06 10:00:00.000000', '2024-09-06 12:00:00.000000');
DONE!
Duration time = 00:00:00

1.670. Executing the request:  select bind_categories_between_timestamp('2024-09-06 12:00:00.000000', '2024-09-06 14:00:00.000000');
DONE!
Duration time = 00:00:00

1.671. Executing the request:  select bind_categories_between_timestamp('2024-09-06 14:00:00.000000', '2024-09-06 16:00:00.000000');
DONE!
Duration time = 00:00:00

1.672. Executing the request:  select bind_categories_between_timestamp('2024-09-06 16:00:00.000000', '2024-09-06 18:00:00.000000');
DONE!
Duration time = 00:00:00

1.673. Executing the request:  select bind_categories_between_timestamp('2024-09-06 18:00:00.000000', '2024-09-06 20:00:00.000000');
DONE!
Duration time = 00:00:00

1.674. Executing the request:  select bind_categories_between_timestamp('2024-09-06 20:00:00.000000', '2024-09-06 22:00:00.000000');
DONE!
Duration time = 00:00:00

1.675. Executing the request:  select bind_categories_between_timestamp('2024-09-06 22:00:00.000000', '2024-09-07 00:00:00.000000');
DONE!
Duration time = 00:00:00

1.676. Executing the request:  select bind_categories_between_timestamp('2024-09-07 00:00:00.000000', '2024-09-07 02:00:00.000000');
DONE!
Duration time = 00:00:00

1.677. Executing the request:  select bind_categories_between_timestamp('2024-09-07 02:00:00.000000', '2024-09-07 04:00:00.000000');
DONE!
Duration time = 00:00:00

1.678. Executing the request:  select bind_categories_between_timestamp('2024-09-07 04:00:00.000000', '2024-09-07 06:00:00.000000');
DONE!
Duration time = 00:00:00

1.679. Executing the request:  select bind_categories_between_timestamp('2024-09-07 06:00:00.000000', '2024-09-07 08:00:00.000000');
DONE!
Duration time = 00:00:00

1.680. Executing the request:  select bind_categories_between_timestamp('2024-09-07 08:00:00.000000', '2024-09-07 10:00:00.000000');
DONE!
Duration time = 00:00:00

1.681. Executing the request:  select bind_categories_between_timestamp('2024-09-07 10:00:00.000000', '2024-09-07 12:00:00.000000');
DONE!
Duration time = 00:00:00

1.682. Executing the request:  select bind_categories_between_timestamp('2024-09-07 12:00:00.000000', '2024-09-07 14:00:00.000000');
DONE!
Duration time = 00:00:00

1.683. Executing the request:  select bind_categories_between_timestamp('2024-09-07 14:00:00.000000', '2024-09-07 16:00:00.000000');
DONE!
Duration time = 00:00:00

1.684. Executing the request:  select bind_categories_between_timestamp('2024-09-07 16:00:00.000000', '2024-09-07 18:00:00.000000');
DONE!
Duration time = 00:00:00

1.685. Executing the request:  select bind_categories_between_timestamp('2024-09-07 18:00:00.000000', '2024-09-07 20:00:00.000000');
DONE!
Duration time = 00:00:00

1.686. Executing the request:  select bind_categories_between_timestamp('2024-09-07 20:00:00.000000', '2024-09-07 22:00:00.000000');
DONE!
Duration time = 00:00:00

1.687. Executing the request:  select bind_categories_between_timestamp('2024-09-07 22:00:00.000000', '2024-09-08 00:00:00.000000');
DONE!
Duration time = 00:00:01

1.688. Executing the request:  select bind_categories_between_timestamp('2024-09-08 00:00:00.000000', '2024-09-08 02:00:00.000000');
DONE!
Duration time = 00:00:00

1.689. Executing the request:  select bind_categories_between_timestamp('2024-09-08 02:00:00.000000', '2024-09-08 04:00:00.000000');
DONE!
Duration time = 00:00:00

1.690. Executing the request:  select bind_categories_between_timestamp('2024-09-08 04:00:00.000000', '2024-09-08 06:00:00.000000');
DONE!
Duration time = 00:00:00

1.691. Executing the request:  select bind_categories_between_timestamp('2024-09-08 06:00:00.000000', '2024-09-08 08:00:00.000000');
DONE!
Duration time = 00:00:00

1.692. Executing the request:  select bind_categories_between_timestamp('2024-09-08 08:00:00.000000', '2024-09-08 10:00:00.000000');
DONE!
Duration time = 00:00:00

1.693. Executing the request:  select bind_categories_between_timestamp('2024-09-08 10:00:00.000000', '2024-09-08 12:00:00.000000');
DONE!
Duration time = 00:00:00

1.694. Executing the request:  select bind_categories_between_timestamp('2024-09-08 12:00:00.000000', '2024-09-08 14:00:00.000000');
DONE!
Duration time = 00:00:00

1.695. Executing the request:  select bind_categories_between_timestamp('2024-09-08 14:00:00.000000', '2024-09-08 16:00:00.000000');
DONE!
Duration time = 00:00:00

1.696. Executing the request:  select bind_categories_between_timestamp('2024-09-08 16:00:00.000000', '2024-09-08 18:00:00.000000');
DONE!
Duration time = 00:00:00

1.697. Executing the request:  select bind_categories_between_timestamp('2024-09-08 18:00:00.000000', '2024-09-08 20:00:00.000000');
DONE!
Duration time = 00:00:00

1.698. Executing the request:  select bind_categories_between_timestamp('2024-09-08 20:00:00.000000', '2024-09-08 22:00:00.000000');
DONE!
Duration time = 00:00:00

1.699. Executing the request:  select bind_categories_between_timestamp('2024-09-08 22:00:00.000000', '2024-09-09 00:00:00.000000');
DONE!
Duration time = 00:00:00

1.700. Executing the request:  select bind_categories_between_timestamp('2024-09-09 00:00:00.000000', '2024-09-09 02:00:00.000000');
DONE!
Duration time = 00:00:00

1.701. Executing the request:  select bind_categories_between_timestamp('2024-09-09 02:00:00.000000', '2024-09-09 04:00:00.000000');
DONE!
Duration time = 00:00:00

1.702. Executing the request:  select bind_categories_between_timestamp('2024-09-09 04:00:00.000000', '2024-09-09 06:00:00.000000');
DONE!
Duration time = 00:00:00

1.703. Executing the request:  select bind_categories_between_timestamp('2024-09-09 06:00:00.000000', '2024-09-09 08:00:00.000000');
DONE!
Duration time = 00:00:00

1.704. Executing the request:  select bind_categories_between_timestamp('2024-09-09 08:00:00.000000', '2024-09-09 10:00:00.000000');
DONE!
Duration time = 00:00:00

1.705. Executing the request:  select bind_categories_between_timestamp('2024-09-09 10:00:00.000000', '2024-09-09 12:00:00.000000');
DONE!
Duration time = 00:00:00

1.706. Executing the request:  select bind_categories_between_timestamp('2024-09-09 12:00:00.000000', '2024-09-09 14:00:00.000000');
DONE!
Duration time = 00:00:00

1.707. Executing the request:  select bind_categories_between_timestamp('2024-09-09 14:00:00.000000', '2024-09-09 16:00:00.000000');
DONE!
Duration time = 00:00:00

1.708. Executing the request:  select bind_categories_between_timestamp('2024-09-09 16:00:00.000000', '2024-09-09 18:00:00.000000');
DONE!
Duration time = 00:00:00

1.709. Executing the request:  select bind_categories_between_timestamp('2024-09-09 18:00:00.000000', '2024-09-09 20:00:00.000000');
DONE!
Duration time = 00:00:00

1.710. Executing the request:  select bind_categories_between_timestamp('2024-09-09 20:00:00.000000', '2024-09-09 22:00:00.000000');
DONE!
Duration time = 00:00:00

1.711. Executing the request:  select bind_categories_between_timestamp('2024-09-09 22:00:00.000000', '2024-09-10 00:00:00.000000');
DONE!
Duration time = 00:00:00

1.712. Executing the request:  select bind_categories_between_timestamp('2024-09-10 00:00:00.000000', '2024-09-10 02:00:00.000000');
DONE!
Duration time = 00:00:00

1.713. Executing the request:  select bind_categories_between_timestamp('2024-09-10 02:00:00.000000', '2024-09-10 04:00:00.000000');
DONE!
Duration time = 00:00:00

1.714. Executing the request:  select bind_categories_between_timestamp('2024-09-10 04:00:00.000000', '2024-09-10 06:00:00.000000');
DONE!
Duration time = 00:00:00

1.715. Executing the request:  select bind_categories_between_timestamp('2024-09-10 06:00:00.000000', '2024-09-10 08:00:00.000000');
DONE!
Duration time = 00:00:00

1.716. Executing the request:  select bind_categories_between_timestamp('2024-09-10 08:00:00.000000', '2024-09-10 10:00:00.000000');
DONE!
Duration time = 00:00:00

1.717. Executing the request:  select bind_categories_between_timestamp('2024-09-10 10:00:00.000000', '2024-09-10 12:00:00.000000');
DONE!
Duration time = 00:00:00

1.718. Executing the request:  select bind_categories_between_timestamp('2024-09-10 12:00:00.000000', '2024-09-10 14:00:00.000000');
DONE!
Duration time = 00:00:00

1.719. Executing the request:  select bind_categories_between_timestamp('2024-09-10 14:00:00.000000', '2024-09-10 16:00:00.000000');
DONE!
Duration time = 00:00:00

1.720. Executing the request:  select bind_categories_between_timestamp('2024-09-10 16:00:00.000000', '2024-09-10 18:00:00.000000');
DONE!
Duration time = 00:00:00

1.721. Executing the request:  select bind_categories_between_timestamp('2024-09-10 18:00:00.000000', '2024-09-10 20:00:00.000000');
DONE!
Duration time = 00:00:00

1.722. Executing the request:  select bind_categories_between_timestamp('2024-09-10 20:00:00.000000', '2024-09-10 22:00:00.000000');
DONE!
Duration time = 00:00:00

1.723. Executing the request:  select bind_categories_between_timestamp('2024-09-10 22:00:00.000000', '2024-09-11 00:00:00.000000');
DONE!
Duration time = 00:00:00

1.724. Executing the request:  select bind_categories_between_timestamp('2024-09-11 00:00:00.000000', '2024-09-11 02:00:00.000000');
DONE!
Duration time = 00:00:00

1.725. Executing the request:  select bind_categories_between_timestamp('2024-09-11 02:00:00.000000', '2024-09-11 04:00:00.000000');
DONE!
Duration time = 00:00:00

1.726. Executing the request:  select bind_categories_between_timestamp('2024-09-11 04:00:00.000000', '2024-09-11 06:00:00.000000');
DONE!
Duration time = 00:00:00

1.727. Executing the request:  select bind_categories_between_timestamp('2024-09-11 06:00:00.000000', '2024-09-11 08:00:00.000000');
DONE!
Duration time = 00:00:00

1.728. Executing the request:  select bind_categories_between_timestamp('2024-09-11 08:00:00.000000', '2024-09-11 10:00:00.000000');
DONE!
Duration time = 00:00:00

1.729. Executing the request:  select bind_categories_between_timestamp('2024-09-11 10:00:00.000000', '2024-09-11 12:00:00.000000');
DONE!
Duration time = 00:00:00

1.730. Executing the request:  select bind_categories_between_timestamp('2024-09-11 12:00:00.000000', '2024-09-11 14:00:00.000000');
DONE!
Duration time = 00:00:00

1.731. Executing the request:  select bind_categories_between_timestamp('2024-09-11 14:00:00.000000', '2024-09-11 16:00:00.000000');
DONE!
Duration time = 00:00:00

1.732. Executing the request:  select bind_categories_between_timestamp('2024-09-11 16:00:00.000000', '2024-09-11 18:00:00.000000');
DONE!
Duration time = 00:00:00

1.733. Executing the request:  select bind_categories_between_timestamp('2024-09-11 18:00:00.000000', '2024-09-11 20:00:00.000000');
DONE!
Duration time = 00:00:00

1.734. Executing the request:  select bind_categories_between_timestamp('2024-09-11 20:00:00.000000', '2024-09-11 22:00:00.000000');
DONE!
Duration time = 00:00:00

1.735. Executing the request:  select bind_categories_between_timestamp('2024-09-11 22:00:00.000000', '2024-09-12 00:00:00.000000');
DONE!
Duration time = 00:00:00

1.736. Executing the request:  select bind_categories_between_timestamp('2024-09-12 00:00:00.000000', '2024-09-12 02:00:00.000000');
DONE!
Duration time = 00:00:00

1.737. Executing the request:  select bind_categories_between_timestamp('2024-09-12 02:00:00.000000', '2024-09-12 04:00:00.000000');
DONE!
Duration time = 00:00:00

1.738. Executing the request:  select bind_categories_between_timestamp('2024-09-12 04:00:00.000000', '2024-09-12 06:00:00.000000');
DONE!
Duration time = 00:00:00

1.739. Executing the request:  select bind_categories_between_timestamp('2024-09-12 06:00:00.000000', '2024-09-12 08:00:00.000000');
DONE!
Duration time = 00:00:00

1.740. Executing the request:  select bind_categories_between_timestamp('2024-09-12 08:00:00.000000', '2024-09-12 10:00:00.000000');
DONE!
Duration time = 00:00:00

1.741. Executing the request:  select bind_categories_between_timestamp('2024-09-12 10:00:00.000000', '2024-09-12 12:00:00.000000');
DONE!
Duration time = 00:00:00

1.742. Executing the request:  select bind_categories_between_timestamp('2024-09-12 12:00:00.000000', '2024-09-12 14:00:00.000000');
DONE!
Duration time = 00:00:00

1.743. Executing the request:  select bind_categories_between_timestamp('2024-09-12 14:00:00.000000', '2024-09-12 16:00:00.000000');
DONE!
Duration time = 00:00:00

1.744. Executing the request:  select bind_categories_between_timestamp('2024-09-12 16:00:00.000000', '2024-09-12 18:00:00.000000');
DONE!
Duration time = 00:00:00

1.745. Executing the request:  select bind_categories_between_timestamp('2024-09-12 18:00:00.000000', '2024-09-12 20:00:00.000000');
DONE!
Duration time = 00:00:00

1.746. Executing the request:  select bind_categories_between_timestamp('2024-09-12 20:00:00.000000', '2024-09-12 22:00:00.000000');
DONE!
Duration time = 00:00:00

1.747. Executing the request:  select bind_categories_between_timestamp('2024-09-12 22:00:00.000000', '2024-09-13 00:00:00.000000');
DONE!
Duration time = 00:00:00

1.748. Executing the request:  select bind_categories_between_timestamp('2024-09-13 00:00:00.000000', '2024-09-13 02:00:00.000000');
DONE!
Duration time = 00:00:00

1.749. Executing the request:  select bind_categories_between_timestamp('2024-09-13 02:00:00.000000', '2024-09-13 04:00:00.000000');
DONE!
Duration time = 00:00:00

1.750. Executing the request:  select bind_categories_between_timestamp('2024-09-13 04:00:00.000000', '2024-09-13 06:00:00.000000');
DONE!
Duration time = 00:00:00

1.751. Executing the request:  select bind_categories_between_timestamp('2024-09-13 06:00:00.000000', '2024-09-13 08:00:00.000000');
DONE!
Duration time = 00:00:00

1.752. Executing the request:  select bind_categories_between_timestamp('2024-09-13 08:00:00.000000', '2024-09-13 10:00:00.000000');
DONE!
Duration time = 00:00:00

1.753. Executing the request:  select bind_categories_between_timestamp('2024-09-13 10:00:00.000000', '2024-09-13 12:00:00.000000');
DONE!
Duration time = 00:00:00

1.754. Executing the request:  select bind_categories_between_timestamp('2024-09-13 12:00:00.000000', '2024-09-13 14:00:00.000000');
DONE!
Duration time = 00:00:00

1.755. Executing the request:  select bind_categories_between_timestamp('2024-09-13 14:00:00.000000', '2024-09-13 16:00:00.000000');
DONE!
Duration time = 00:00:00

1.756. Executing the request:  select bind_categories_between_timestamp('2024-09-13 16:00:00.000000', '2024-09-13 18:00:00.000000');
DONE!
Duration time = 00:00:00

1.757. Executing the request:  select bind_categories_between_timestamp('2024-09-13 18:00:00.000000', '2024-09-13 20:00:00.000000');
DONE!
Duration time = 00:00:00

1.758. Executing the request:  select bind_categories_between_timestamp('2024-09-13 20:00:00.000000', '2024-09-13 22:00:00.000000');
DONE!
Duration time = 00:00:00

1.759. Executing the request:  select bind_categories_between_timestamp('2024-09-13 22:00:00.000000', '2024-09-14 00:00:00.000000');
DONE!
Duration time = 00:00:00

1.760. Executing the request:  select bind_categories_between_timestamp('2024-09-14 00:00:00.000000', '2024-09-14 02:00:00.000000');
DONE!
Duration time = 00:00:00

1.761. Executing the request:  select bind_categories_between_timestamp('2024-09-14 02:00:00.000000', '2024-09-14 04:00:00.000000');
DONE!
Duration time = 00:00:00

1.762. Executing the request:  select bind_categories_between_timestamp('2024-09-14 04:00:00.000000', '2024-09-14 06:00:00.000000');
DONE!
Duration time = 00:00:00

1.763. Executing the request:  select bind_categories_between_timestamp('2024-09-14 06:00:00.000000', '2024-09-14 08:00:00.000000');
DONE!
Duration time = 00:00:00

1.764. Executing the request:  select bind_categories_between_timestamp('2024-09-14 08:00:00.000000', '2024-09-14 10:00:00.000000');
DONE!
Duration time = 00:00:00

1.765. Executing the request:  select bind_categories_between_timestamp('2024-09-14 10:00:00.000000', '2024-09-14 12:00:00.000000');
DONE!
Duration time = 00:00:00

1.766. Executing the request:  select bind_categories_between_timestamp('2024-09-14 12:00:00.000000', '2024-09-14 14:00:00.000000');
DONE!
Duration time = 00:00:00

1.767. Executing the request:  select bind_categories_between_timestamp('2024-09-14 14:00:00.000000', '2024-09-14 16:00:00.000000');
DONE!
Duration time = 00:00:00

1.768. Executing the request:  select bind_categories_between_timestamp('2024-09-14 16:00:00.000000', '2024-09-14 18:00:00.000000');
DONE!
Duration time = 00:00:00

1.769. Executing the request:  select bind_categories_between_timestamp('2024-09-14 18:00:00.000000', '2024-09-14 20:00:00.000000');
DONE!
Duration time = 00:00:00

1.770. Executing the request:  select bind_categories_between_timestamp('2024-09-14 20:00:00.000000', '2024-09-14 22:00:00.000000');
DONE!
Duration time = 00:00:00

1.771. Executing the request:  select bind_categories_between_timestamp('2024-09-14 22:00:00.000000', '2024-09-15 00:00:00.000000');
DONE!
Duration time = 00:00:00

1.772. Executing the request:  select bind_categories_between_timestamp('2024-09-15 00:00:00.000000', '2024-09-15 02:00:00.000000');
DONE!
Duration time = 00:00:00

1.773. Executing the request:  select bind_categories_between_timestamp('2024-09-15 02:00:00.000000', '2024-09-15 04:00:00.000000');
DONE!
Duration time = 00:00:00

1.774. Executing the request:  select bind_categories_between_timestamp('2024-09-15 04:00:00.000000', '2024-09-15 06:00:00.000000');
DONE!
Duration time = 00:00:00

1.775. Executing the request:  select bind_categories_between_timestamp('2024-09-15 06:00:00.000000', '2024-09-15 08:00:00.000000');
DONE!
Duration time = 00:00:00

1.776. Executing the request:  select bind_categories_between_timestamp('2024-09-15 08:00:00.000000', '2024-09-15 10:00:00.000000');
DONE!
Duration time = 00:00:00

1.777. Executing the request:  select bind_categories_between_timestamp('2024-09-15 10:00:00.000000', '2024-09-15 12:00:00.000000');
DONE!
Duration time = 00:00:00

1.778. Executing the request:  select bind_categories_between_timestamp('2024-09-15 12:00:00.000000', '2024-09-15 14:00:00.000000');
DONE!
Duration time = 00:00:00

1.779. Executing the request:  select bind_categories_between_timestamp('2024-09-15 14:00:00.000000', '2024-09-15 16:00:00.000000');
DONE!
Duration time = 00:00:00

1.780. Executing the request:  select bind_categories_between_timestamp('2024-09-15 16:00:00.000000', '2024-09-15 18:00:00.000000');
DONE!
Duration time = 00:00:00

1.781. Executing the request:  select bind_categories_between_timestamp('2024-09-15 18:00:00.000000', '2024-09-15 20:00:00.000000');
DONE!
Duration time = 00:00:00

1.782. Executing the request:  select bind_categories_between_timestamp('2024-09-15 20:00:00.000000', '2024-09-15 22:00:00.000000');
DONE!
Duration time = 00:00:00

1.783. Executing the request:  select bind_categories_between_timestamp('2024-09-15 22:00:00.000000', '2024-09-16 00:00:00.000000');
DONE!
Duration time = 00:00:00

1.784. Executing the request:  select bind_categories_between_timestamp('2024-09-16 00:00:00.000000', '2024-09-16 02:00:00.000000');
DONE!
Duration time = 00:00:00

1.785. Executing the request:  select bind_categories_between_timestamp('2024-09-16 02:00:00.000000', '2024-09-16 04:00:00.000000');
DONE!
Duration time = 00:00:00

1.786. Executing the request:  select bind_categories_between_timestamp('2024-09-16 04:00:00.000000', '2024-09-16 06:00:00.000000');
DONE!
Duration time = 00:00:00

1.787. Executing the request:  select bind_categories_between_timestamp('2024-09-16 06:00:00.000000', '2024-09-16 08:00:00.000000');
DONE!
Duration time = 00:00:00

1.788. Executing the request:  select bind_categories_between_timestamp('2024-09-16 08:00:00.000000', '2024-09-16 10:00:00.000000');
DONE!
Duration time = 00:00:00

1.789. Executing the request:  select bind_categories_between_timestamp('2024-09-16 10:00:00.000000', '2024-09-16 12:00:00.000000');
DONE!
Duration time = 00:00:00

1.790. Executing the request:  select bind_categories_between_timestamp('2024-09-16 12:00:00.000000', '2024-09-16 14:00:00.000000');
DONE!
Duration time = 00:00:00

1.791. Executing the request:  select bind_categories_between_timestamp('2024-09-16 14:00:00.000000', '2024-09-16 16:00:00.000000');
DONE!
Duration time = 00:00:00

1.792. Executing the request:  select bind_categories_between_timestamp('2024-09-16 16:00:00.000000', '2024-09-16 18:00:00.000000');
DONE!
Duration time = 00:00:00

1.793. Executing the request:  select bind_categories_between_timestamp('2024-09-16 18:00:00.000000', '2024-09-16 20:00:00.000000');
DONE!
Duration time = 00:00:00

1.794. Executing the request:  select bind_categories_between_timestamp('2024-09-16 20:00:00.000000', '2024-09-16 22:00:00.000000');
DONE!
Duration time = 00:00:00

1.795. Executing the request:  select bind_categories_between_timestamp('2024-09-16 22:00:00.000000', '2024-09-17 00:00:00.000000');
DONE!
Duration time = 00:00:00

1.796. Executing the request:  select bind_categories_between_timestamp('2024-09-17 00:00:00.000000', '2024-09-17 02:00:00.000000');
DONE!
Duration time = 00:00:00

1.797. Executing the request:  select bind_categories_between_timestamp('2024-09-17 02:00:00.000000', '2024-09-17 04:00:00.000000');
DONE!
Duration time = 00:00:00

1.798. Executing the request:  select bind_categories_between_timestamp('2024-09-17 04:00:00.000000', '2024-09-17 06:00:00.000000');
DONE!
Duration time = 00:00:00

1.799. Executing the request:  select bind_categories_between_timestamp('2024-09-17 06:00:00.000000', '2024-09-17 08:00:00.000000');
DONE!
Duration time = 00:00:00

1.800. Executing the request:  select bind_categories_between_timestamp('2024-09-17 08:00:00.000000', '2024-09-17 10:00:00.000000');
DONE!
Duration time = 00:00:00

1.801. Executing the request:  select bind_categories_between_timestamp('2024-09-17 10:00:00.000000', '2024-09-17 12:00:00.000000');
DONE!
Duration time = 00:00:00

1.802. Executing the request:  select bind_categories_between_timestamp('2024-09-17 12:00:00.000000', '2024-09-17 14:00:00.000000');
DONE!
Duration time = 00:00:00

1.803. Executing the request:  select bind_categories_between_timestamp('2024-09-17 14:00:00.000000', '2024-09-17 16:00:00.000000');
DONE!
Duration time = 00:00:00

1.804. Executing the request:  select bind_categories_between_timestamp('2024-09-17 16:00:00.000000', '2024-09-17 18:00:00.000000');
DONE!
Duration time = 00:00:00

1.805. Executing the request:  select bind_categories_between_timestamp('2024-09-17 18:00:00.000000', '2024-09-17 20:00:00.000000');
DONE!
Duration time = 00:00:00

1.806. Executing the request:  select bind_categories_between_timestamp('2024-09-17 20:00:00.000000', '2024-09-17 22:00:00.000000');
DONE!
Duration time = 00:00:00

1.807. Executing the request:  select bind_categories_between_timestamp('2024-09-17 22:00:00.000000', '2024-09-18 00:00:00.000000');
DONE!
Duration time = 00:00:00

1.808. Executing the request:  select bind_categories_between_timestamp('2024-09-18 00:00:00.000000', '2024-09-18 02:00:00.000000');
DONE!
Duration time = 00:00:00

1.809. Executing the request:  select bind_categories_between_timestamp('2024-09-18 02:00:00.000000', '2024-09-18 04:00:00.000000');
DONE!
Duration time = 00:00:00

1.810. Executing the request:  select bind_categories_between_timestamp('2024-09-18 04:00:00.000000', '2024-09-18 06:00:00.000000');
DONE!
Duration time = 00:00:00

1.811. Executing the request:  select bind_categories_between_timestamp('2024-09-18 06:00:00.000000', '2024-09-18 08:00:00.000000');
DONE!
Duration time = 00:00:00

1.812. Executing the request:  select bind_categories_between_timestamp('2024-09-18 08:00:00.000000', '2024-09-18 10:00:00.000000');
DONE!
Duration time = 00:00:00

1.813. Executing the request:  select bind_categories_between_timestamp('2024-09-18 10:00:00.000000', '2024-09-18 12:00:00.000000');
DONE!
Duration time = 00:00:00

1.814. Executing the request:  select bind_categories_between_timestamp('2024-09-18 12:00:00.000000', '2024-09-18 14:00:00.000000');
DONE!
Duration time = 00:00:00

1.815. Executing the request:  select bind_categories_between_timestamp('2024-09-18 14:00:00.000000', '2024-09-18 16:00:00.000000');
DONE!
Duration time = 00:00:00

1.816. Executing the request:  select bind_categories_between_timestamp('2024-09-18 16:00:00.000000', '2024-09-18 18:00:00.000000');
DONE!
Duration time = 00:00:00

1.817. Executing the request:  select bind_categories_between_timestamp('2024-09-18 18:00:00.000000', '2024-09-18 20:00:00.000000');
DONE!
Duration time = 00:00:00

1.818. Executing the request:  select bind_categories_between_timestamp('2024-09-18 20:00:00.000000', '2024-09-18 22:00:00.000000');
DONE!
Duration time = 00:00:00

1.819. Executing the request:  select bind_categories_between_timestamp('2024-09-18 22:00:00.000000', '2024-09-19 00:00:00.000000');
DONE!
Duration time = 00:00:00

1.820. Executing the request:  select bind_categories_between_timestamp('2024-09-19 00:00:00.000000', '2024-09-19 02:00:00.000000');
DONE!
Duration time = 00:00:00

1.821. Executing the request:  select bind_categories_between_timestamp('2024-09-19 02:00:00.000000', '2024-09-19 04:00:00.000000');
DONE!
Duration time = 00:00:00

1.822. Executing the request:  select bind_categories_between_timestamp('2024-09-19 04:00:00.000000', '2024-09-19 06:00:00.000000');
DONE!
Duration time = 00:00:00

1.823. Executing the request:  select bind_categories_between_timestamp('2024-09-19 06:00:00.000000', '2024-09-19 08:00:00.000000');
DONE!
Duration time = 00:00:00

1.824. Executing the request:  select bind_categories_between_timestamp('2024-09-19 08:00:00.000000', '2024-09-19 10:00:00.000000');
DONE!
Duration time = 00:00:00

1.825. Executing the request:  select bind_categories_between_timestamp('2024-09-19 10:00:00.000000', '2024-09-19 12:00:00.000000');
DONE!
Duration time = 00:00:00

1.826. Executing the request:  select bind_categories_between_timestamp('2024-09-19 12:00:00.000000', '2024-09-19 14:00:00.000000');
DONE!
Duration time = 00:00:00

1.827. Executing the request:  select bind_categories_between_timestamp('2024-09-19 14:00:00.000000', '2024-09-19 16:00:00.000000');
DONE!
Duration time = 00:00:00

1.828. Executing the request:  select bind_categories_between_timestamp('2024-09-19 16:00:00.000000', '2024-09-19 18:00:00.000000');
DONE!
Duration time = 00:00:00

1.829. Executing the request:  select bind_categories_between_timestamp('2024-09-19 18:00:00.000000', '2024-09-19 20:00:00.000000');
DONE!
Duration time = 00:00:00

1.830. Executing the request:  select bind_categories_between_timestamp('2024-09-19 20:00:00.000000', '2024-09-19 22:00:00.000000');
DONE!
Duration time = 00:00:00

1.831. Executing the request:  select bind_categories_between_timestamp('2024-09-19 22:00:00.000000', '2024-09-20 00:00:00.000000');
DONE!
Duration time = 00:00:00

1.832. Executing the request:  select bind_categories_between_timestamp('2024-09-20 00:00:00.000000', '2024-09-20 02:00:00.000000');
DONE!
Duration time = 00:00:00

1.833. Executing the request:  select bind_categories_between_timestamp('2024-09-20 02:00:00.000000', '2024-09-20 04:00:00.000000');
DONE!
Duration time = 00:00:00

1.834. Executing the request:  select bind_categories_between_timestamp('2024-09-20 04:00:00.000000', '2024-09-20 06:00:00.000000');
DONE!
Duration time = 00:00:00

1.835. Executing the request:  select bind_categories_between_timestamp('2024-09-20 06:00:00.000000', '2024-09-20 08:00:00.000000');
DONE!
Duration time = 00:00:00

1.836. Executing the request:  select bind_categories_between_timestamp('2024-09-20 08:00:00.000000', '2024-09-20 10:00:00.000000');
DONE!
Duration time = 00:00:00

1.837. Executing the request:  select bind_categories_between_timestamp('2024-09-20 10:00:00.000000', '2024-09-20 12:00:00.000000');
DONE!
Duration time = 00:00:00

1.838. Executing the request:  select bind_categories_between_timestamp('2024-09-20 12:00:00.000000', '2024-09-20 14:00:00.000000');
DONE!
Duration time = 00:00:00

1.839. Executing the request:  select bind_categories_between_timestamp('2024-09-20 14:00:00.000000', '2024-09-20 16:00:00.000000');
DONE!
Duration time = 00:00:00

1.840. Executing the request:  select bind_categories_between_timestamp('2024-09-20 16:00:00.000000', '2024-09-20 18:00:00.000000');
DONE!
Duration time = 00:00:00

1.841. Executing the request:  select bind_categories_between_timestamp('2024-09-20 18:00:00.000000', '2024-09-20 20:00:00.000000');
DONE!
Duration time = 00:00:00

1.842. Executing the request:  select bind_categories_between_timestamp('2024-09-20 20:00:00.000000', '2024-09-20 22:00:00.000000');
DONE!
Duration time = 00:00:00

1.843. Executing the request:  select bind_categories_between_timestamp('2024-09-20 22:00:00.000000', '2024-09-21 00:00:00.000000');
DONE!
Duration time = 00:00:00

1.844. Executing the request:  select bind_categories_between_timestamp('2024-09-21 00:00:00.000000', '2024-09-21 02:00:00.000000');
DONE!
Duration time = 00:00:00

1.845. Executing the request:  select bind_categories_between_timestamp('2024-09-21 02:00:00.000000', '2024-09-21 04:00:00.000000');
DONE!
Duration time = 00:00:00

1.846. Executing the request:  select bind_categories_between_timestamp('2024-09-21 04:00:00.000000', '2024-09-21 06:00:00.000000');
DONE!
Duration time = 00:00:00

1.847. Executing the request:  select bind_categories_between_timestamp('2024-09-21 06:00:00.000000', '2024-09-21 08:00:00.000000');
DONE!
Duration time = 00:00:00

1.848. Executing the request:  select bind_categories_between_timestamp('2024-09-21 08:00:00.000000', '2024-09-21 10:00:00.000000');
DONE!
Duration time = 00:00:00

1.849. Executing the request:  select bind_categories_between_timestamp('2024-09-21 10:00:00.000000', '2024-09-21 12:00:00.000000');
DONE!
Duration time = 00:00:00

1.850. Executing the request:  select bind_categories_between_timestamp('2024-09-21 12:00:00.000000', '2024-09-21 14:00:00.000000');
DONE!
Duration time = 00:00:00

1.851. Executing the request:  select bind_categories_between_timestamp('2024-09-21 14:00:00.000000', '2024-09-21 16:00:00.000000');
DONE!
Duration time = 00:00:00

1.852. Executing the request:  select bind_categories_between_timestamp('2024-09-21 16:00:00.000000', '2024-09-21 18:00:00.000000');
DONE!
Duration time = 00:00:00

1.853. Executing the request:  select bind_categories_between_timestamp('2024-09-21 18:00:00.000000', '2024-09-21 20:00:00.000000');
DONE!
Duration time = 00:00:00

1.854. Executing the request:  select bind_categories_between_timestamp('2024-09-21 20:00:00.000000', '2024-09-21 22:00:00.000000');
DONE!
Duration time = 00:00:00

1.855. Executing the request:  select bind_categories_between_timestamp('2024-09-21 22:00:00.000000', '2024-09-22 00:00:00.000000');
DONE!
Duration time = 00:00:00

1.856. Executing the request:  select bind_categories_between_timestamp('2024-09-22 00:00:00.000000', '2024-09-22 02:00:00.000000');
DONE!
Duration time = 00:00:00

1.857. Executing the request:  select bind_categories_between_timestamp('2024-09-22 02:00:00.000000', '2024-09-22 04:00:00.000000');
DONE!
Duration time = 00:00:00

1.858. Executing the request:  select bind_categories_between_timestamp('2024-09-22 04:00:00.000000', '2024-09-22 06:00:00.000000');
DONE!
Duration time = 00:00:00

1.859. Executing the request:  select bind_categories_between_timestamp('2024-09-22 06:00:00.000000', '2024-09-22 08:00:00.000000');
DONE!
Duration time = 00:00:00

1.860. Executing the request:  select bind_categories_between_timestamp('2024-09-22 08:00:00.000000', '2024-09-22 10:00:00.000000');
DONE!
Duration time = 00:00:00

1.861. Executing the request:  select bind_categories_between_timestamp('2024-09-22 10:00:00.000000', '2024-09-22 12:00:00.000000');
DONE!
Duration time = 00:00:00

1.862. Executing the request:  select bind_categories_between_timestamp('2024-09-22 12:00:00.000000', '2024-09-22 14:00:00.000000');
DONE!
Duration time = 00:00:00

1.863. Executing the request:  select bind_categories_between_timestamp('2024-09-22 14:00:00.000000', '2024-09-22 16:00:00.000000');
DONE!
Duration time = 00:00:00

1.864. Executing the request:  select bind_categories_between_timestamp('2024-09-22 16:00:00.000000', '2024-09-22 18:00:00.000000');
DONE!
Duration time = 00:00:00

1.865. Executing the request:  select bind_categories_between_timestamp('2024-09-22 18:00:00.000000', '2024-09-22 20:00:00.000000');
DONE!
Duration time = 00:00:00

1.866. Executing the request:  select bind_categories_between_timestamp('2024-09-22 20:00:00.000000', '2024-09-22 22:00:00.000000');
DONE!
Duration time = 00:00:00

1.867. Executing the request:  select bind_categories_between_timestamp('2024-09-22 22:00:00.000000', '2024-09-23 00:00:00.000000');
DONE!
Duration time = 00:00:00

1.868. Executing the request:  select bind_categories_between_timestamp('2024-09-23 00:00:00.000000', '2024-09-23 02:00:00.000000');
DONE!
Duration time = 00:00:00

1.869. Executing the request:  select bind_categories_between_timestamp('2024-09-23 02:00:00.000000', '2024-09-23 04:00:00.000000');
DONE!
Duration time = 00:00:00

1.870. Executing the request:  select bind_categories_between_timestamp('2024-09-23 04:00:00.000000', '2024-09-23 06:00:00.000000');
DONE!
Duration time = 00:00:00

1.871. Executing the request:  select bind_categories_between_timestamp('2024-09-23 06:00:00.000000', '2024-09-23 08:00:00.000000');
DONE!
Duration time = 00:00:00

1.872. Executing the request:  select bind_categories_between_timestamp('2024-09-23 08:00:00.000000', '2024-09-23 10:00:00.000000');
DONE!
Duration time = 00:00:00

1.873. Executing the request:  select bind_categories_between_timestamp('2024-09-23 10:00:00.000000', '2024-09-23 12:00:00.000000');
DONE!
Duration time = 00:00:00

1.874. Executing the request:  select bind_categories_between_timestamp('2024-09-23 12:00:00.000000', '2024-09-23 14:00:00.000000');
DONE!
Duration time = 00:00:00

1.875. Executing the request:  select bind_categories_between_timestamp('2024-09-23 14:00:00.000000', '2024-09-23 16:00:00.000000');
DONE!
Duration time = 00:00:00

1.876. Executing the request:  select bind_categories_between_timestamp('2024-09-23 16:00:00.000000', '2024-09-23 18:00:00.000000');
DONE!
Duration time = 00:00:00

1.877. Executing the request:  select bind_categories_between_timestamp('2024-09-23 18:00:00.000000', '2024-09-23 20:00:00.000000');
DONE!
Duration time = 00:00:00

1.878. Executing the request:  select bind_categories_between_timestamp('2024-09-23 20:00:00.000000', '2024-09-23 22:00:00.000000');
DONE!
Duration time = 00:00:00

1.879. Executing the request:  select bind_categories_between_timestamp('2024-09-23 22:00:00.000000', '2024-09-24 00:00:00.000000');
DONE!
Duration time = 00:00:00

1.880. Executing the request:  select bind_categories_between_timestamp('2024-09-24 00:00:00.000000', '2024-09-24 02:00:00.000000');
DONE!
Duration time = 00:00:00

1.881. Executing the request:  select bind_categories_between_timestamp('2024-09-24 02:00:00.000000', '2024-09-24 04:00:00.000000');
DONE!
Duration time = 00:00:00

1.882. Executing the request:  select bind_categories_between_timestamp('2024-09-24 04:00:00.000000', '2024-09-24 06:00:00.000000');
DONE!
Duration time = 00:00:00

1.883. Executing the request:  select bind_categories_between_timestamp('2024-09-24 06:00:00.000000', '2024-09-24 08:00:00.000000');
DONE!
Duration time = 00:00:00

1.884. Executing the request:  select bind_categories_between_timestamp('2024-09-24 08:00:00.000000', '2024-09-24 10:00:00.000000');
DONE!
Duration time = 00:00:00

1.885. Executing the request:  select bind_categories_between_timestamp('2024-09-24 10:00:00.000000', '2024-09-24 12:00:00.000000');
DONE!
Duration time = 00:00:00

1.886. Executing the request:  select bind_categories_between_timestamp('2024-09-24 12:00:00.000000', '2024-09-24 14:00:00.000000');
DONE!
Duration time = 00:00:00

1.887. Executing the request:  select bind_categories_between_timestamp('2024-09-24 14:00:00.000000', '2024-09-24 16:00:00.000000');
DONE!
Duration time = 00:00:00

1.888. Executing the request:  select bind_categories_between_timestamp('2024-09-24 16:00:00.000000', '2024-09-24 18:00:00.000000');
DONE!
Duration time = 00:00:00

1.889. Executing the request:  select bind_categories_between_timestamp('2024-09-24 18:00:00.000000', '2024-09-24 20:00:00.000000');
DONE!
Duration time = 00:00:02

1.890. Executing the request:  select bind_categories_between_timestamp('2024-09-24 20:00:00.000000', '2024-09-24 22:00:00.000000');
DONE!
Duration time = 00:00:00

1.891. Executing the request:  select bind_categories_between_timestamp('2024-09-24 22:00:00.000000', '2024-09-25 00:00:00.000000');
DONE!
Duration time = 00:00:01

1.892. Executing the request:  select bind_categories_between_timestamp('2024-09-25 00:00:00.000000', '2024-09-25 02:00:00.000000');
DONE!
Duration time = 00:00:00

1.893. Executing the request:  select bind_categories_between_timestamp('2024-09-25 02:00:00.000000', '2024-09-25 04:00:00.000000');
DONE!
Duration time = 00:00:00

1.894. Executing the request:  select bind_categories_between_timestamp('2024-09-25 04:00:00.000000', '2024-09-25 06:00:00.000000');
DONE!
Duration time = 00:00:00

1.895. Executing the request:  select bind_categories_between_timestamp('2024-09-25 06:00:00.000000', '2024-09-25 08:00:00.000000');
DONE!
Duration time = 00:00:00

1.896. Executing the request:  select bind_categories_between_timestamp('2024-09-25 08:00:00.000000', '2024-09-25 10:00:00.000000');
DONE!
Duration time = 00:00:00

1.897. Executing the request:  select bind_categories_between_timestamp('2024-09-25 10:00:00.000000', '2024-09-25 12:00:00.000000');
DONE!
Duration time = 00:00:00

1.898. Executing the request:  select bind_categories_between_timestamp('2024-09-25 12:00:00.000000', '2024-09-25 14:00:00.000000');
DONE!
Duration time = 00:00:00

1.899. Executing the request:  select bind_categories_between_timestamp('2024-09-25 14:00:00.000000', '2024-09-25 16:00:00.000000');
DONE!
Duration time = 00:00:00

1.900. Executing the request:  select bind_categories_between_timestamp('2024-09-25 16:00:00.000000', '2024-09-25 18:00:00.000000');
DONE!
Duration time = 00:00:00

1.901. Executing the request:  select bind_categories_between_timestamp('2024-09-25 18:00:00.000000', '2024-09-25 20:00:00.000000');
DONE!
Duration time = 00:00:00

1.902. Executing the request:  select bind_categories_between_timestamp('2024-09-25 20:00:00.000000', '2024-09-25 22:00:00.000000');
DONE!
Duration time = 00:00:00

1.903. Executing the request:  select bind_categories_between_timestamp('2024-09-25 22:00:00.000000', '2024-09-26 00:00:00.000000');
DONE!
Duration time = 00:00:00

1.904. Executing the request:  select bind_categories_between_timestamp('2024-09-26 00:00:00.000000', '2024-09-26 02:00:00.000000');
DONE!
Duration time = 00:00:00

1.905. Executing the request:  select bind_categories_between_timestamp('2024-09-26 02:00:00.000000', '2024-09-26 04:00:00.000000');
DONE!
Duration time = 00:00:00

1.906. Executing the request:  select bind_categories_between_timestamp('2024-09-26 04:00:00.000000', '2024-09-26 06:00:00.000000');
DONE!
Duration time = 00:00:00

1.907. Executing the request:  select bind_categories_between_timestamp('2024-09-26 06:00:00.000000', '2024-09-26 08:00:00.000000');
DONE!
Duration time = 00:00:00

1.908. Executing the request:  select bind_categories_between_timestamp('2024-09-26 08:00:00.000000', '2024-09-26 10:00:00.000000');
DONE!
Duration time = 00:00:00

1.909. Executing the request:  select bind_categories_between_timestamp('2024-09-26 10:00:00.000000', '2024-09-26 12:00:00.000000');
DONE!
Duration time = 00:00:00

1.910. Executing the request:  select bind_categories_between_timestamp('2024-09-26 12:00:00.000000', '2024-09-26 14:00:00.000000');
DONE!
Duration time = 00:00:00

1.911. Executing the request:  select bind_categories_between_timestamp('2024-09-26 14:00:00.000000', '2024-09-26 16:00:00.000000');
DONE!
Duration time = 00:00:00

1.912. Executing the request:  select bind_categories_between_timestamp('2024-09-26 16:00:00.000000', '2024-09-26 18:00:00.000000');
DONE!
Duration time = 00:00:00

1.913. Executing the request:  select bind_categories_between_timestamp('2024-09-26 18:00:00.000000', '2024-09-26 20:00:00.000000');
DONE!
Duration time = 00:00:00

1.914. Executing the request:  select bind_categories_between_timestamp('2024-09-26 20:00:00.000000', '2024-09-26 22:00:00.000000');
DONE!
Duration time = 00:00:00

1.915. Executing the request:  select bind_categories_between_timestamp('2024-09-26 22:00:00.000000', '2024-09-27 00:00:00.000000');
DONE!
Duration time = 00:00:00

1.916. Executing the request:  select bind_categories_between_timestamp('2024-09-27 00:00:00.000000', '2024-09-27 02:00:00.000000');
DONE!
Duration time = 00:00:00

1.917. Executing the request:  select bind_categories_between_timestamp('2024-09-27 02:00:00.000000', '2024-09-27 04:00:00.000000');
DONE!
Duration time = 00:00:00

1.918. Executing the request:  select bind_categories_between_timestamp('2024-09-27 04:00:00.000000', '2024-09-27 06:00:00.000000');
DONE!
Duration time = 00:00:00

1.919. Executing the request:  select bind_categories_between_timestamp('2024-09-27 06:00:00.000000', '2024-09-27 08:00:00.000000');
DONE!
Duration time = 00:00:00

1.920. Executing the request:  select bind_categories_between_timestamp('2024-09-27 08:00:00.000000', '2024-09-27 10:00:00.000000');
DONE!
Duration time = 00:00:00

1.921. Executing the request:  select bind_categories_between_timestamp('2024-09-27 10:00:00.000000', '2024-09-27 12:00:00.000000');
DONE!
Duration time = 00:00:00

1.922. Executing the request:  select bind_categories_between_timestamp('2024-09-27 12:00:00.000000', '2024-09-27 14:00:00.000000');
DONE!
Duration time = 00:00:00

1.923. Executing the request:  select bind_categories_between_timestamp('2024-09-27 14:00:00.000000', '2024-09-27 16:00:00.000000');
DONE!
Duration time = 00:00:00

1.924. Executing the request:  select bind_categories_between_timestamp('2024-09-27 16:00:00.000000', '2024-09-27 18:00:00.000000');
DONE!
Duration time = 00:00:00

1.925. Executing the request:  select bind_categories_between_timestamp('2024-09-27 18:00:00.000000', '2024-09-27 20:00:00.000000');
DONE!
Duration time = 00:00:00

1.926. Executing the request:  select bind_categories_between_timestamp('2024-09-27 20:00:00.000000', '2024-09-27 22:00:00.000000');
DONE!
Duration time = 00:00:00

1.927. Executing the request:  select bind_categories_between_timestamp('2024-09-27 22:00:00.000000', '2024-09-28 00:00:00.000000');
DONE!
Duration time = 00:00:00

1.928. Executing the request:  select bind_categories_between_timestamp('2024-09-28 00:00:00.000000', '2024-09-28 02:00:00.000000');
DONE!
Duration time = 00:00:00

1.929. Executing the request:  select bind_categories_between_timestamp('2024-09-28 02:00:00.000000', '2024-09-28 04:00:00.000000');
DONE!
Duration time = 00:00:00

1.930. Executing the request:  select bind_categories_between_timestamp('2024-09-28 04:00:00.000000', '2024-09-28 06:00:00.000000');
DONE!
Duration time = 00:00:00

1.931. Executing the request:  select bind_categories_between_timestamp('2024-09-28 06:00:00.000000', '2024-09-28 08:00:00.000000');
DONE!
Duration time = 00:00:00

1.932. Executing the request:  select bind_categories_between_timestamp('2024-09-28 08:00:00.000000', '2024-09-28 10:00:00.000000');
DONE!
Duration time = 00:00:00

1.933. Executing the request:  select bind_categories_between_timestamp('2024-09-28 10:00:00.000000', '2024-09-28 12:00:00.000000');
DONE!
Duration time = 00:00:00

1.934. Executing the request:  select bind_categories_between_timestamp('2024-09-28 12:00:00.000000', '2024-09-28 14:00:00.000000');
DONE!
Duration time = 00:00:00

1.935. Executing the request:  select bind_categories_between_timestamp('2024-09-28 14:00:00.000000', '2024-09-28 16:00:00.000000');
DONE!
Duration time = 00:00:00

1.936. Executing the request:  select bind_categories_between_timestamp('2024-09-28 16:00:00.000000', '2024-09-28 18:00:00.000000');
DONE!
Duration time = 00:00:00

1.937. Executing the request:  select bind_categories_between_timestamp('2024-09-28 18:00:00.000000', '2024-09-28 20:00:00.000000');
DONE!
Duration time = 00:00:00

1.938. Executing the request:  select bind_categories_between_timestamp('2024-09-28 20:00:00.000000', '2024-09-28 22:00:00.000000');
DONE!
Duration time = 00:00:00

1.939. Executing the request:  select bind_categories_between_timestamp('2024-09-28 22:00:00.000000', '2024-09-29 00:00:00.000000');
DONE!
Duration time = 00:00:00

1.940. Executing the request:  select bind_categories_between_timestamp('2024-09-29 00:00:00.000000', '2024-09-29 02:00:00.000000');
DONE!
Duration time = 00:00:00

1.941. Executing the request:  select bind_categories_between_timestamp('2024-09-29 02:00:00.000000', '2024-09-29 04:00:00.000000');
DONE!
Duration time = 00:00:00

1.942. Executing the request:  select bind_categories_between_timestamp('2024-09-29 04:00:00.000000', '2024-09-29 06:00:00.000000');
DONE!
Duration time = 00:00:00

1.943. Executing the request:  select bind_categories_between_timestamp('2024-09-29 06:00:00.000000', '2024-09-29 08:00:00.000000');
DONE!
Duration time = 00:00:00

1.944. Executing the request:  select bind_categories_between_timestamp('2024-09-29 08:00:00.000000', '2024-09-29 10:00:00.000000');
DONE!
Duration time = 00:00:00

1.945. Executing the request:  select bind_categories_between_timestamp('2024-09-29 10:00:00.000000', '2024-09-29 12:00:00.000000');
DONE!
Duration time = 00:00:00

1.946. Executing the request:  select bind_categories_between_timestamp('2024-09-29 12:00:00.000000', '2024-09-29 14:00:00.000000');
DONE!
Duration time = 00:00:00

1.947. Executing the request:  select bind_categories_between_timestamp('2024-09-29 14:00:00.000000', '2024-09-29 16:00:00.000000');
DONE!
Duration time = 00:00:00

1.948. Executing the request:  select bind_categories_between_timestamp('2024-09-29 16:00:00.000000', '2024-09-29 18:00:00.000000');
DONE!
Duration time = 00:00:00

1.949. Executing the request:  select bind_categories_between_timestamp('2024-09-29 18:00:00.000000', '2024-09-29 20:00:00.000000');
DONE!
Duration time = 00:00:00

1.950. Executing the request:  select bind_categories_between_timestamp('2024-09-29 20:00:00.000000', '2024-09-29 22:00:00.000000');
DONE!
Duration time = 00:00:00

1.951. Executing the request:  select bind_categories_between_timestamp('2024-09-29 22:00:00.000000', '2024-09-30 00:00:00.000000');
DONE!
Duration time = 00:00:00

1.952. Executing the request:  select bind_categories_between_timestamp('2024-09-30 00:00:00.000000', '2024-09-30 02:00:00.000000');
DONE!
Duration time = 00:00:00

1.953. Executing the request:  select bind_categories_between_timestamp('2024-09-30 02:00:00.000000', '2024-09-30 04:00:00.000000');
DONE!
Duration time = 00:00:00

1.954. Executing the request:  select bind_categories_between_timestamp('2024-09-30 04:00:00.000000', '2024-09-30 06:00:00.000000');
DONE!
Duration time = 00:00:00

1.955. Executing the request:  select bind_categories_between_timestamp('2024-09-30 06:00:00.000000', '2024-09-30 08:00:00.000000');
DONE!
Duration time = 00:00:00

1.956. Executing the request:  select bind_categories_between_timestamp('2024-09-30 08:00:00.000000', '2024-09-30 10:00:00.000000');
DONE!
Duration time = 00:00:00

1.957. Executing the request:  select bind_categories_between_timestamp('2024-09-30 10:00:00.000000', '2024-09-30 12:00:00.000000');
DONE!
Duration time = 00:00:00

1.958. Executing the request:  select bind_categories_between_timestamp('2024-09-30 12:00:00.000000', '2024-09-30 14:00:00.000000');
DONE!
Duration time = 00:00:00

1.959. Executing the request:  select bind_categories_between_timestamp('2024-09-30 14:00:00.000000', '2024-09-30 16:00:00.000000');
DONE!
Duration time = 00:00:00

1.960. Executing the request:  select bind_categories_between_timestamp('2024-09-30 16:00:00.000000', '2024-09-30 18:00:00.000000');
DONE!
Duration time = 00:00:00

1.961. Executing the request:  select bind_categories_between_timestamp('2024-09-30 18:00:00.000000', '2024-09-30 20:00:00.000000');
DONE!
Duration time = 00:00:00

1.962. Executing the request:  select bind_categories_between_timestamp('2024-09-30 20:00:00.000000', '2024-09-30 22:00:00.000000');
DONE!
Duration time = 00:00:00

1.963. Executing the request:  select bind_categories_between_timestamp('2024-09-30 22:00:00.000000', '2024-10-01 00:00:00.000000');
DONE!
Duration time = 00:00:00

1.964. Executing the request:  
DONE!
Duration time = 00:00:00

**********************************************************************************************



]]>
</system-out>
</testcase>
</testsuite>
</testsuites>